2019-06-06 13:40:34 [scrapy.utils.log] INFO: Scrapy 1.6.0 started (bot: news_crawler)
2019-06-06 13:40:34 [scrapy.utils.log] INFO: Versions: lxml 4.3.3.0, libxml2 2.9.9, cssselect 1.0.3, parsel 1.5.1, w3lib 1.20.0, Twisted 19.2.0, Python 3.7.2 (default, Jan 13 2019, 12:50:15) - [Clang 10.0.0 (clang-1000.11.45.5)], pyOpenSSL 19.0.0 (OpenSSL 1.1.1c  28 May 2019), cryptography 2.7, Platform Darwin-17.4.0-x86_64-i386-64bit
2019-06-06 13:40:34 [scrapy.crawler] INFO: Overridden settings: {'BOT_NAME': 'news_crawler', 'LOG_FILE': 'Log/news_crawer_log_20190606134034.log', 'NEWSPIDER_MODULE': 'news_crawler.spiders', 'ROBOTSTXT_OBEY': True, 'SPIDER_MODULES': ['news_crawler.spiders']}
2019-06-06 13:40:34 [scrapy.extensions.telnet] INFO: Telnet Password: 1442b04fa2c02ded
2019-06-06 13:40:34 [scrapy.middleware] INFO: Enabled extensions:
['scrapy.extensions.corestats.CoreStats',
 'scrapy.extensions.telnet.TelnetConsole',
 'scrapy.extensions.memusage.MemoryUsage',
 'scrapy.extensions.logstats.LogStats']
2019-06-06 13:40:35 [scrapy.middleware] INFO: Enabled downloader middlewares:
['scrapy.downloadermiddlewares.robotstxt.RobotsTxtMiddleware',
 'scrapy.downloadermiddlewares.httpauth.HttpAuthMiddleware',
 'scrapy.downloadermiddlewares.downloadtimeout.DownloadTimeoutMiddleware',
 'scrapy.downloadermiddlewares.defaultheaders.DefaultHeadersMiddleware',
 'scrapy.downloadermiddlewares.useragent.UserAgentMiddleware',
 'scrapy.downloadermiddlewares.retry.RetryMiddleware',
 'scrapy.downloadermiddlewares.redirect.MetaRefreshMiddleware',
 'scrapy.downloadermiddlewares.httpcompression.HttpCompressionMiddleware',
 'scrapy.downloadermiddlewares.redirect.RedirectMiddleware',
 'scrapy.downloadermiddlewares.cookies.CookiesMiddleware',
 'scrapy.downloadermiddlewares.httpproxy.HttpProxyMiddleware',
 'scrapy.downloadermiddlewares.stats.DownloaderStats']
2019-06-06 13:40:35 [scrapy.middleware] INFO: Enabled spider middlewares:
['scrapy.spidermiddlewares.httperror.HttpErrorMiddleware',
 'scrapy.spidermiddlewares.offsite.OffsiteMiddleware',
 'scrapy.spidermiddlewares.referer.RefererMiddleware',
 'scrapy.spidermiddlewares.urllength.UrlLengthMiddleware',
 'scrapy.spidermiddlewares.depth.DepthMiddleware']
2019-06-06 13:40:35 [scrapy.middleware] INFO: Enabled item pipelines:
['news_crawler.pipelines.NewsCrawlerPipeline',
 'news_crawler.pipelines.NewsTextPipeline',
 'news_crawler.pipelines.DropIfEmptyPipeline',
 'news_crawler.pipelines.DuplicatesPipeline',
 'news_crawler.pipelines.MongoPipeline']
2019-06-06 13:40:35 [scrapy.core.engine] INFO: Spider opened
2019-06-06 13:40:35 [scrapy.extensions.logstats] INFO: Crawled 0 pages (at 0 pages/min), scraped 0 items (at 0 items/min)
2019-06-06 13:40:35 [scrapy.extensions.telnet] INFO: Telnet console listening on 127.0.0.1:6023
2019-06-06 13:40:35 [scrapy.core.engine] DEBUG: Crawled (200) <GET https://www.bbc.com/robots.txt> (referer: None)
2019-06-06 13:40:37 [scrapy.core.engine] DEBUG: Crawled (200) <GET https://www.bbc.com/sport/cricket> (referer: None)
2019-06-06 13:40:37 [scrapy.core.engine] DEBUG: Crawled (200) <GET https://www.bbc.com/sport/cricket/48530840> (referer: https://www.bbc.com/sport/cricket)
2019-06-06 13:40:37 [scrapy.dupefilters] DEBUG: Filtered duplicate request: <GET https://www.bbc.com/sport/cricket/48530840#page> - no more duplicates will be shown (see DUPEFILTER_DEBUG to show all duplicates)
2019-06-06 13:40:39 [scrapy.core.engine] DEBUG: Crawled (200) <GET https://www.bbc.com/sport/cricket/48530840/comments> (referer: https://www.bbc.com/sport/cricket/48530840)
2019-06-06 13:40:39 [root] INFO: Parsing URL: https://www.bbc.com/sport/cricket/48530840/comments
2019-06-06 13:40:39 [root] INFO: rule for author: .//div[@class='gel-flag__body']/p[@class='gel-long-primer']
2019-06-06 13:40:39 [root] INFO: author info fetched is:[]
2019-06-06 13:40:39 [urllib3.connectionpool] DEBUG: Starting new HTTPS connection (1): www.bbc.com:443
2019-06-06 13:40:41 [urllib3.connectionpool] DEBUG: https://www.bbc.com:443 "GET /sport/cricket/48530840/comments HTTP/1.1" 200 30178
2019-06-06 13:40:41 [py.warnings] WARNING: /Users/agraj/KANIKA/generic_news_crawler/venv/lib/python3.7/site-packages/readability/htmls.py:117: FutureWarning: The behavior of this method will change in future versions. Use specific 'len(elem)' or 'elem is not None' test instead.
  raw_html = str_(tostring(doc.body or doc))

2019-06-06 13:40:41 [readability.readability] DEBUG: Removing unlikely candidate - header#orb-banner>#orb-header.orb-nav-pri.orb-nav-pri-white.orb-nav-empty
2019-06-06 13:40:41 [readability.readability] DEBUG: Removing unlikely candidate - .nav-top>header.global-header
2019-06-06 13:40:41 [readability.readability] DEBUG: Removing unlikely candidate - .gel-wrap>a.global-header__logo
2019-06-06 13:40:41 [readability.readability] DEBUG: Removing unlikely candidate - .gel-wrap>a.global-header__all-sports-button
2019-06-06 13:40:41 [readability.readability] DEBUG: Removing unlikely candidate - a.global-header__all-sports-button>span.ico.ico-burger.global-header__burger
2019-06-06 13:40:41 [readability.readability] DEBUG: Removing unlikely candidate - a.global-header__all-sports-button>span.global-header__all-sports-text
2019-06-06 13:40:41 [readability.readability] DEBUG: Removing unlikely candidate - .layout__ghost-column>#comments.afs-cmts-outer.reith-typeface
2019-06-06 13:40:41 [readability.readability] DEBUG: Removing unlikely candidate - #comments.afs-cmts-outer.reith-typeface>.cmts-header.cmts-clearfix
2019-06-06 13:40:41 [readability.readability] DEBUG: Removing unlikely candidate - .cmts-header.cmts-clearfix>p.comments-moderation
2019-06-06 13:40:41 [readability.readability] DEBUG: Removing unlikely candidate - p.comments-moderation>a.comments-mod-type.istats-notrack
2019-06-06 13:40:41 [readability.readability] DEBUG: Removing unlikely candidate - p.comments-moderation>a.comments-house-rules.istats-notrack
2019-06-06 13:40:41 [readability.readability] DEBUG: Removing unlikely candidate - .cmts-sort.cmts-mod-hover>span.comments-current-sort.cmts-top-sort-control
2019-06-06 13:40:41 [readability.readability] DEBUG: Removing unlikely candidate - #comments.afs-cmts-outer.reith-typeface>ul.cmts-list.comments-filter-none
2019-06-06 13:40:41 [readability.readability] DEBUG: Removing unlikely candidate - ul.cmts-list.comments-filter-none>li#comment_135048988.cmt-border.cmt-no-highlight.cmt-normal
2019-06-06 13:40:41 [readability.readability] DEBUG: Removing unlikely candidate - li>a.comments-report.istats-notrack
2019-06-06 13:40:41 [readability.readability] DEBUG: Removing unlikely candidate - li>a.comments-permalink
2019-06-06 13:40:41 [readability.readability] DEBUG: Removing unlikely candidate - ul.cmts-list.comments-filter-none>li#comment_135048987.cmt-border.cmt-no-highlight.cmt-normal
2019-06-06 13:40:41 [readability.readability] DEBUG: Removing unlikely candidate - li>a.comments-report.istats-notrack
2019-06-06 13:40:41 [readability.readability] DEBUG: Removing unlikely candidate - li>a.comments-permalink
2019-06-06 13:40:41 [readability.readability] DEBUG: Removing unlikely candidate - ul.cmts-list.comments-filter-none>li#comment_135048985.cmt-border.cmt-no-highlight.cmt-normal
2019-06-06 13:40:41 [readability.readability] DEBUG: Removing unlikely candidate - li>a.comments-report.istats-notrack
2019-06-06 13:40:41 [readability.readability] DEBUG: Removing unlikely candidate - li>a.comments-permalink
2019-06-06 13:40:41 [readability.readability] DEBUG: Removing unlikely candidate - ul.cmts-list.comments-filter-none>li#comment_135048981.cmt-border.cmt-no-highlight.cmt-normal
2019-06-06 13:40:41 [readability.readability] DEBUG: Removing unlikely candidate - li>a.comments-report.istats-notrack
2019-06-06 13:40:41 [readability.readability] DEBUG: Removing unlikely candidate - li>a.comments-permalink
2019-06-06 13:40:41 [readability.readability] DEBUG: Removing unlikely candidate - ul.cmts-list.comments-filter-none>li#comment_135048980.cmt-border.cmt-no-highlight.cmt-normal
2019-06-06 13:40:41 [readability.readability] DEBUG: Removing unlikely candidate - li>a.comments-report.istats-notrack
2019-06-06 13:40:41 [readability.readability] DEBUG: Removing unlikely candidate - li>a.comments-permalink
2019-06-06 13:40:41 [readability.readability] DEBUG: Removing unlikely candidate - ul.cmts-list.comments-filter-none>li#comment_135048978.cmt-border.cmt-no-highlight.cmt-normal
2019-06-06 13:40:41 [readability.readability] DEBUG: Removing unlikely candidate - li>a.comments-report.istats-notrack
2019-06-06 13:40:41 [readability.readability] DEBUG: Removing unlikely candidate - li>a.comments-permalink
2019-06-06 13:40:41 [readability.readability] DEBUG: Removing unlikely candidate - ul.cmts-list.comments-filter-none>li#comment_135048973.cmt-border.cmt-no-highlight.cmt-normal
2019-06-06 13:40:41 [readability.readability] DEBUG: Removing unlikely candidate - li>a.comments-report.istats-notrack
2019-06-06 13:40:41 [readability.readability] DEBUG: Removing unlikely candidate - li>a.comments-permalink
2019-06-06 13:40:41 [readability.readability] DEBUG: Removing unlikely candidate - ul.cmts-list.comments-filter-none>li#comment_135048891.cmt-border.cmt-no-highlight.cmt-normal
2019-06-06 13:40:41 [readability.readability] DEBUG: Removing unlikely candidate - li>a.comments-report.istats-notrack
2019-06-06 13:40:41 [readability.readability] DEBUG: Removing unlikely candidate - li>a.comments-permalink
2019-06-06 13:40:41 [readability.readability] DEBUG: Removing unlikely candidate - ul.cmts-list.comments-filter-none>li#comment_135048869.cmt-border.cmt-no-highlight.cmt-normal
2019-06-06 13:40:41 [readability.readability] DEBUG: Removing unlikely candidate - li>a.comments-report.istats-notrack
2019-06-06 13:40:41 [readability.readability] DEBUG: Removing unlikely candidate - li>a.comments-permalink
2019-06-06 13:40:41 [readability.readability] DEBUG: Removing unlikely candidate - ul.cmts-list.comments-filter-none>li#comment_135048844.cmt-border.cmt-no-highlight.cmt-normal
2019-06-06 13:40:41 [readability.readability] DEBUG: Removing unlikely candidate - li>a.comments-report.istats-notrack
2019-06-06 13:40:41 [readability.readability] DEBUG: Removing unlikely candidate - li>a.comments-permalink
2019-06-06 13:40:41 [readability.readability] DEBUG: Removing unlikely candidate - ul.cmts-list.comments-filter-none>li#comment_135048843.cmt-border.cmt-no-highlight.cmt-normal
2019-06-06 13:40:41 [readability.readability] DEBUG: Removing unlikely candidate - li>a.comments-report.istats-notrack
2019-06-06 13:40:41 [readability.readability] DEBUG: Removing unlikely candidate - li>a.comments-permalink
2019-06-06 13:40:41 [readability.readability] DEBUG: Removing unlikely candidate - ul.cmts-list.comments-filter-none>li#comment_135048835.cmt-border.cmt-no-highlight.cmt-normal
2019-06-06 13:40:41 [readability.readability] DEBUG: Removing unlikely candidate - li>a.comments-report.istats-notrack
2019-06-06 13:40:41 [readability.readability] DEBUG: Removing unlikely candidate - li>a.comments-permalink
2019-06-06 13:40:41 [readability.readability] DEBUG: Removing unlikely candidate - ul.cmts-list.comments-filter-none>li#comment_135048825.cmt-border.cmt-no-highlight.cmt-normal
2019-06-06 13:40:41 [readability.readability] DEBUG: Removing unlikely candidate - li>a.comments-report.istats-notrack
2019-06-06 13:40:41 [readability.readability] DEBUG: Removing unlikely candidate - li>a.comments-permalink
2019-06-06 13:40:41 [readability.readability] DEBUG: Removing unlikely candidate - ul.cmts-list.comments-filter-none>li#comment_135048821.cmt-border.cmt-no-highlight.cmt-normal
2019-06-06 13:40:41 [readability.readability] DEBUG: Removing unlikely candidate - li>a.comments-report.istats-notrack
2019-06-06 13:40:41 [readability.readability] DEBUG: Removing unlikely candidate - li>a.comments-permalink
2019-06-06 13:40:41 [readability.readability] DEBUG: Removing unlikely candidate - .cmts-ft.cmts-clearfix>.pagination-container
2019-06-06 13:40:41 [readability.readability] DEBUG: Removing unlikely candidate - .cmts-pages-outer.cmts-clearfix>ul.cmts-pages.pagination-controls
2019-06-06 13:40:41 [readability.readability] DEBUG: Removing unlikely candidate - ul.cmts-pages.pagination-controls>li.comments-pagination-page.comments-pagination-page-10
2019-06-06 13:40:41 [readability.readability] DEBUG: Removing unlikely candidate - li.comments-pagination-page.comments-pagination-page-10>span.comments-selected-page
2019-06-06 13:40:41 [readability.readability] DEBUG: Removing unlikely candidate - ul.cmts-pages.pagination-controls>li.comments-pagination-page.comments-pagination-page-9
2019-06-06 13:40:41 [readability.readability] DEBUG: Removing unlikely candidate - li.comments-pagination-page.comments-pagination-page-9>a.comments-page.cmts-link-override-dark
2019-06-06 13:40:41 [readability.readability] DEBUG: Removing unlikely candidate - ul.cmts-pages.pagination-controls>li.comments-pagination-page.comments-pagination-page-8
2019-06-06 13:40:41 [readability.readability] DEBUG: Removing unlikely candidate - li.comments-pagination-page.comments-pagination-page-8>a.comments-page.cmts-link-override-dark
2019-06-06 13:40:41 [readability.readability] DEBUG: Removing unlikely candidate - ul.cmts-pages.pagination-controls>li.comments-pagination-page.comments-pagination-page-7
2019-06-06 13:40:41 [readability.readability] DEBUG: Removing unlikely candidate - li.comments-pagination-page.comments-pagination-page-7>a.comments-page.cmts-link-override-dark
2019-06-06 13:40:41 [readability.readability] DEBUG: Removing unlikely candidate - ul.cmts-pages.pagination-controls>li.comments-pagination-page.comments-pagination-page-6
2019-06-06 13:40:41 [readability.readability] DEBUG: Removing unlikely candidate - li.comments-pagination-page.comments-pagination-page-6>a.comments-page.cmts-link-override-dark
2019-06-06 13:40:41 [readability.readability] DEBUG: Removing unlikely candidate - ul.cmts-pages.pagination-controls>li.comments-pagination-page.comments-pagination-page-1
2019-06-06 13:40:41 [readability.readability] DEBUG: Removing unlikely candidate - li.comments-pagination-page.comments-pagination-page-1>a.comments-page.cmts-link-override-dark
2019-06-06 13:40:41 [readability.readability] DEBUG: Removing unlikely candidate - .nav-bottom>footer.footer.clearfix
2019-06-06 13:40:41 [readability.readability] DEBUG: Removing unlikely candidate - nav.gel-wrap>.footer__header
2019-06-06 13:40:41 [readability.readability] DEBUG: Removing unlikely candidate - .footer__column.footer__column--left>ul.footer__items
2019-06-06 13:40:41 [readability.readability] DEBUG: Removing unlikely candidate - ul.footer__items>li.footer__item
2019-06-06 13:40:41 [readability.readability] DEBUG: Removing unlikely candidate - li.footer__item>a.footer__item-link
2019-06-06 13:40:41 [readability.readability] DEBUG: Removing unlikely candidate - ul.footer__items>li.footer__item
2019-06-06 13:40:41 [readability.readability] DEBUG: Removing unlikely candidate - li.footer__item>a.footer__item-link
2019-06-06 13:40:41 [readability.readability] DEBUG: Removing unlikely candidate - ul.footer__items>li.footer__item
2019-06-06 13:40:41 [readability.readability] DEBUG: Removing unlikely candidate - li.footer__item>a.footer__item-link
2019-06-06 13:40:41 [readability.readability] DEBUG: Removing unlikely candidate - ul.footer__items>li.footer__item
2019-06-06 13:40:41 [readability.readability] DEBUG: Removing unlikely candidate - li.footer__item>a.footer__item-link
2019-06-06 13:40:41 [readability.readability] DEBUG: Removing unlikely candidate - ul.footer__items>li.footer__item
2019-06-06 13:40:41 [readability.readability] DEBUG: Removing unlikely candidate - li.footer__item>a.footer__item-link
2019-06-06 13:40:41 [readability.readability] DEBUG: Removing unlikely candidate - .footer__column>ul.footer__items
2019-06-06 13:40:41 [readability.readability] DEBUG: Removing unlikely candidate - ul.footer__items>li.footer__item
2019-06-06 13:40:41 [readability.readability] DEBUG: Removing unlikely candidate - li.footer__item>a.footer__item-link
2019-06-06 13:40:41 [readability.readability] DEBUG: Removing unlikely candidate - ul.footer__items>li.footer__item
2019-06-06 13:40:41 [readability.readability] DEBUG: Removing unlikely candidate - li.footer__item>a.footer__item-link
2019-06-06 13:40:41 [readability.readability] DEBUG: Removing unlikely candidate - ul.footer__items>li.footer__item
2019-06-06 13:40:41 [readability.readability] DEBUG: Removing unlikely candidate - li.footer__item>a.footer__item-link
2019-06-06 13:40:41 [readability.readability] DEBUG: Removing unlikely candidate - ul.footer__items>li.footer__item
2019-06-06 13:40:41 [readability.readability] DEBUG: Removing unlikely candidate - li.footer__item>a.footer__item-link
2019-06-06 13:40:41 [readability.readability] DEBUG: Removing unlikely candidate - ul.footer__items>li.footer__item
2019-06-06 13:40:41 [readability.readability] DEBUG: Removing unlikely candidate - li.footer__item>a.footer__item-link
2019-06-06 13:40:41 [readability.readability] DEBUG: Removing unlikely candidate - nav.gel-wrap>.footer__keyline
2019-06-06 13:40:41 [readability.readability] DEBUG: Removing unlikely candidate - .footer__column.footer__column--left>ul.footer__items
2019-06-06 13:40:41 [readability.readability] DEBUG: Removing unlikely candidate - ul.footer__items>li.footer__item
2019-06-06 13:40:41 [readability.readability] DEBUG: Removing unlikely candidate - li.footer__item>a.footer__item-link
2019-06-06 13:40:41 [readability.readability] DEBUG: Removing unlikely candidate - .footer__column>ul.footer__items
2019-06-06 13:40:41 [readability.readability] DEBUG: Removing unlikely candidate - ul.footer__items>li.footer__item
2019-06-06 13:40:41 [readability.readability] DEBUG: Removing unlikely candidate - li.footer__item>a.footer__item-link
2019-06-06 13:40:41 [readability.readability] DEBUG: Removing unlikely candidate - #sport-container>#orb-footer.orb-footer
2019-06-06 13:40:41 [readability.readability] DEBUG: Removing unlikely candidate - #orb-footer.orb-footer>#navp-orb-footer-promo
2019-06-06 13:40:41 [readability.readability] DEBUG: Removing unlikely candidate - #orb-aside.orb-nav-sec.b-r.b-g-p>.orb-footer-inner
2019-06-06 13:40:41 [readability.readability] DEBUG: Removing unlikely candidate - .orb-footer-inner>h2.orb-footer-lead
2019-06-06 13:40:41 [readability.readability] DEBUG: Removing unlikely candidate - .orb-footer-inner>.orb-footer-primary-links
2019-06-06 13:40:41 [readability.readability] DEBUG: Removing unlikely candidate - #orb-contentinfo.orb-nav-sec.b-r.b-g-p>.orb-footer-inner
2019-06-06 13:40:41 [readability.readability] DEBUG: Removing unlikely candidate - ul>li.orb-footer-terms
2019-06-06 13:40:41 [readability.readability] DEBUG: Removing unlikely candidate - ul>li.orb-footer-about
2019-06-06 13:40:41 [readability.readability] DEBUG: Removing unlikely candidate - ul>li.orb-footer-privacy
2019-06-06 13:40:41 [readability.readability] DEBUG: Removing unlikely candidate - ul>li.orb-footer-cookies
2019-06-06 13:40:41 [readability.readability] DEBUG: Removing unlikely candidate - ul>li.orb-footer-accessibility
2019-06-06 13:40:41 [readability.readability] DEBUG: Removing unlikely candidate - ul>li.orb-footer-parental
2019-06-06 13:40:41 [readability.readability] DEBUG: Removing unlikely candidate - ul>li.orb-footer-contact
2019-06-06 13:40:41 [readability.readability] DEBUG: Removing unlikely candidate - ul>li.orb-footer-newsletter
2019-06-06 13:40:41 [readability.readability] DEBUG: Removing unlikely candidate - small>span.orb-footer-links
2019-06-06 13:40:41 [readability.readability] DEBUG: Branch  7.980 .gel-wrap>.layout.layout--center link density 0.000 ->  7.980
2019-06-06 13:40:41 [readability.readability] DEBUG: Branch  6.490 .main__slice.main__slice--full-width>.gel-wrap link density 0.000 ->  6.490
2019-06-06 13:40:41 [readability.readability] INFO: Top 5 :  7.980 .gel-wrap>.layout.layout--center
2019-06-06 13:40:41 [readability.readability] INFO: Top 5 :  6.490 .main__slice.main__slice--full-width>.gel-wrap
2019-06-06 13:40:41 [readability.readability] DEBUG: Not removing div{01}>.layout.layout--center of length 98:  Comments: India v South Africa: Rohit S...
2019-06-06 13:40:41 [readability.readability] DEBUG: Not removing body>div{01} of length 98:  Comments: India v South Africa: Rohit S...
2019-06-06 13:40:41 [root] INFO: Going to insert Item{'author': '',
 'newsHeadline': b'BBC Sport',
 'newsText': '# Comments: India v South Africa: Rohit Sharma hits century in '
             'Cricket World Cup victory  \\n\\n\\n\\n \\n',
 'newsUrl': 'https://www.bbc.com/sport/cricket/48530840/comments'}
2019-06-06 13:40:44 [root] INFO: News Article inserted to MongoDB database!
2019-06-06 13:40:44 [scrapy.core.scraper] DEBUG: Scraped from <200 https://www.bbc.com/sport/cricket/48530840/comments>
{'author': '',
 'newsHeadline': b'BBC Sport',
 'newsText': '# Comments: India v South Africa: Rohit Sharma hits century in '
             'Cricket World Cup victory  \\n\\n\\n\\n \\n',
 'newsUrl': 'https://www.bbc.com/sport/cricket/48530840/comments'}
2019-06-06 13:40:44 [scrapy.core.engine] INFO: Closing spider (finished)
2019-06-06 13:40:44 [scrapy.statscollectors] INFO: Dumping Scrapy stats:
{'downloader/request_bytes': 1013,
 'downloader/request_count': 4,
 'downloader/request_method_count/GET': 4,
 'downloader/response_bytes': 115731,
 'downloader/response_count': 4,
 'downloader/response_status_count/200': 4,
 'dupefilter/filtered': 10,
 'finish_reason': 'finished',
 'finish_time': datetime.datetime(2019, 6, 6, 3, 40, 44, 612686),
 'item_scraped_count': 1,
 'log_count/DEBUG': 127,
 'log_count/INFO': 16,
 'log_count/WARNING': 1,
 'memusage/max': 57376768,
 'memusage/startup': 57376768,
 'request_depth_max': 3,
 'response_received_count': 4,
 'robotstxt/request_count': 1,
 'robotstxt/response_count': 1,
 'robotstxt/response_status_count/200': 1,
 'scheduler/dequeued': 3,
 'scheduler/dequeued/memory': 3,
 'scheduler/enqueued': 3,
 'scheduler/enqueued/memory': 3,
 'start_time': datetime.datetime(2019, 6, 6, 3, 40, 35, 767575)}
2019-06-06 13:40:44 [scrapy.core.engine] INFO: Spider closed (finished)
