2019-06-06 02:18:21 [scrapy.utils.log] INFO: Scrapy 1.6.0 started (bot: news_crawler)
2019-06-06 02:18:21 [scrapy.utils.log] INFO: Versions: lxml 4.3.3.0, libxml2 2.9.9, cssselect 1.0.3, parsel 1.5.1, w3lib 1.20.0, Twisted 19.2.0, Python 3.7.2 (default, Jan 13 2019, 12:50:15) - [Clang 10.0.0 (clang-1000.11.45.5)], pyOpenSSL 19.0.0 (OpenSSL 1.1.1c  28 May 2019), cryptography 2.7, Platform Darwin-17.4.0-x86_64-i386-64bit
2019-06-06 02:18:21 [scrapy.crawler] INFO: Overridden settings: {'BOT_NAME': 'news_crawler', 'LOG_FILE': 'Log/news_crawer_log_20190606021821.log', 'NEWSPIDER_MODULE': 'news_crawler.spiders', 'ROBOTSTXT_OBEY': True, 'SPIDER_MODULES': ['news_crawler.spiders']}
2019-06-06 02:18:21 [scrapy.extensions.telnet] INFO: Telnet Password: 7f15aaba32245182
2019-06-06 02:18:21 [scrapy.middleware] INFO: Enabled extensions:
['scrapy.extensions.corestats.CoreStats',
 'scrapy.extensions.telnet.TelnetConsole',
 'scrapy.extensions.memusage.MemoryUsage',
 'scrapy.extensions.logstats.LogStats']
2019-06-06 02:18:21 [scrapy.middleware] INFO: Enabled downloader middlewares:
['scrapy.downloadermiddlewares.robotstxt.RobotsTxtMiddleware',
 'scrapy.downloadermiddlewares.httpauth.HttpAuthMiddleware',
 'scrapy.downloadermiddlewares.downloadtimeout.DownloadTimeoutMiddleware',
 'scrapy.downloadermiddlewares.defaultheaders.DefaultHeadersMiddleware',
 'scrapy.downloadermiddlewares.useragent.UserAgentMiddleware',
 'scrapy.downloadermiddlewares.retry.RetryMiddleware',
 'scrapy.downloadermiddlewares.redirect.MetaRefreshMiddleware',
 'scrapy.downloadermiddlewares.httpcompression.HttpCompressionMiddleware',
 'scrapy.downloadermiddlewares.redirect.RedirectMiddleware',
 'scrapy.downloadermiddlewares.cookies.CookiesMiddleware',
 'scrapy.downloadermiddlewares.httpproxy.HttpProxyMiddleware',
 'scrapy.downloadermiddlewares.stats.DownloaderStats']
2019-06-06 02:18:21 [scrapy.middleware] INFO: Enabled spider middlewares:
['scrapy.spidermiddlewares.httperror.HttpErrorMiddleware',
 'scrapy.spidermiddlewares.offsite.OffsiteMiddleware',
 'scrapy.spidermiddlewares.referer.RefererMiddleware',
 'scrapy.spidermiddlewares.urllength.UrlLengthMiddleware',
 'scrapy.spidermiddlewares.depth.DepthMiddleware']
2019-06-06 02:18:22 [scrapy.middleware] INFO: Enabled item pipelines:
['news_crawler.pipelines.NewsCrawlerPipeline',
 'news_crawler.pipelines.NewsTextPipeline',
 'news_crawler.pipelines.DropIfEmptyPipeline',
 'news_crawler.pipelines.DuplicatesPipeline',
 'news_crawler.pipelines.MongoPipeline']
2019-06-06 02:18:22 [scrapy.core.engine] INFO: Spider opened
2019-06-06 02:18:22 [scrapy.extensions.logstats] INFO: Crawled 0 pages (at 0 pages/min), scraped 0 items (at 0 items/min)
2019-06-06 02:18:22 [scrapy.extensions.telnet] INFO: Telnet console listening on 127.0.0.1:6023
2019-06-06 02:18:22 [scrapy.core.engine] DEBUG: Crawled (200) <GET https://www.bbc.com/robots.txt> (referer: None)
2019-06-06 02:18:22 [scrapy.core.engine] DEBUG: Crawled (200) <GET https://www.bbc.com/news> (referer: None)
2019-06-06 02:18:22 [scrapy.core.engine] DEBUG: Crawled (200) <GET https://www.bbc.com/news/health> (referer: https://www.bbc.com/news)
2019-06-06 02:18:22 [scrapy.dupefilters] DEBUG: Filtered duplicate request: <GET https://www.bbc.com/news/health#skip-to-content> - no more duplicates will be shown (see DUPEFILTER_DEBUG to show all duplicates)
2019-06-06 02:18:23 [scrapy.core.engine] DEBUG: Crawled (200) <GET https://www.bbc.com/news/health-48514349?intlink_from_url=&link_location=live-reporting-story> (referer: https://www.bbc.com/news/health)
2019-06-06 02:18:23 [scrapy.core.engine] DEBUG: Crawled (200) <GET https://www.bbc.com/news/health-48496652> (referer: https://www.bbc.com/news/health)
2019-06-06 02:18:23 [scrapy.downloadermiddlewares.redirect] DEBUG: Redirecting (301) to <GET https://www.bbc.com/news/health-48495313> from <GET https://www.bbc.com/news/health-48495313/#comp-comments-button>
2019-06-06 02:18:23 [scrapy.downloadermiddlewares.redirect] DEBUG: Redirecting (301) to <GET https://www.bbc.com/news/health-48438139> from <GET https://www.bbc.com/news/health-48438139/#comp-comments-button>
2019-06-06 02:18:23 [scrapy.core.engine] DEBUG: Crawled (200) <GET https://www.bbc.com/news/health-48472388> (referer: https://www.bbc.com/news/health)
2019-06-06 02:18:23 [scrapy.core.engine] DEBUG: Crawled (200) <GET https://www.bbc.com/news/health-48495313> (referer: https://www.bbc.com/news/health)
2019-06-06 02:18:23 [scrapy.core.engine] DEBUG: Crawled (200) <GET https://www.bbc.com/news/health-48464510> (referer: https://www.bbc.com/news/health)
2019-06-06 02:18:23 [scrapy.core.engine] DEBUG: Crawled (200) <GET https://www.bbc.com/news/health-48357762?intlink_from_url=&link_location=live-reporting-story> (referer: https://www.bbc.com/news/health)
2019-06-06 02:18:23 [scrapy.core.engine] DEBUG: Crawled (200) <GET https://www.bbc.com/news/health-48478529> (referer: https://www.bbc.com/news/health)
2019-06-06 02:18:23 [scrapy.core.engine] DEBUG: Crawled (200) <GET https://www.bbc.com/news/health-48509969> (referer: https://www.bbc.com/news/health)
2019-06-06 02:18:23 [scrapy.core.engine] DEBUG: Crawled (200) <GET https://www.bbc.com/news/health-48438139> (referer: https://www.bbc.com/news/health)
2019-06-06 02:18:23 [scrapy.core.engine] DEBUG: Crawled (200) <GET https://www.bbc.com/news/health-48514349?intlink_from_url=&#38;link_location=live-reporting-story> (referer: https://www.bbc.com/news/health-48514349?intlink_from_url=&link_location=live-reporting-story)
2019-06-06 02:18:23 [scrapy.core.engine] DEBUG: Crawled (200) <GET https://www.bbc.com/news/health-48431858> (referer: https://www.bbc.com/news/health-48514349?intlink_from_url=&link_location=live-reporting-story)
2019-06-06 02:18:23 [scrapy.core.engine] DEBUG: Crawled (200) <GET https://www.bbc.com/news/health-45329030> (referer: https://www.bbc.com/news/health-48514349?intlink_from_url=&link_location=live-reporting-story)
2019-06-06 02:18:23 [scrapy.core.engine] DEBUG: Crawled (200) <GET https://www.bbc.com/news/health-41224151> (referer: https://www.bbc.com/news/health-48472388)
2019-06-06 02:18:23 [scrapy.core.engine] DEBUG: Crawled (200) <GET https://www.bbc.com/news/health-47616491> (referer: https://www.bbc.com/news/health-48438139)
2019-06-06 02:18:23 [scrapy.core.engine] DEBUG: Crawled (200) <GET https://www.bbc.com/news/health-48313942> (referer: https://www.bbc.com/news/health-48438139)
2019-06-06 02:18:23 [scrapy.core.engine] DEBUG: Crawled (200) <GET https://www.bbc.com/news/health-42439679> (referer: https://www.bbc.com/news/health-48438139)
2019-06-06 02:18:23 [scrapy.core.engine] DEBUG: Crawled (200) <GET https://www.bbc.com/news/health-44384289> (referer: https://www.bbc.com/news/health-48509969)
2019-06-06 02:18:23 [scrapy.core.engine] DEBUG: Crawled (200) <GET https://www.bbc.com/news/health-42565413> (referer: https://www.bbc.com/news/health-48438139)
2019-06-06 02:18:23 [scrapy.core.engine] DEBUG: Crawled (200) <GET https://www.bbc.com/news/health-45485814> (referer: https://www.bbc.com/news/health-48438139)
2019-06-06 02:18:23 [scrapy.core.engine] DEBUG: Crawled (200) <GET https://www.bbc.com/news/health-48438139/comments> (referer: https://www.bbc.com/news/health-48438139)
2019-06-06 02:18:24 [scrapy.core.engine] DEBUG: Crawled (200) <GET https://www.bbc.com/news/health-48231909> (referer: https://www.bbc.com/news/health-48357762?intlink_from_url=&link_location=live-reporting-story)
2019-06-06 02:18:24 [scrapy.core.engine] DEBUG: Crawled (200) <GET https://www.bbc.com/news/health-47115039> (referer: https://www.bbc.com/news/health-48357762?intlink_from_url=&link_location=live-reporting-story)
2019-06-06 02:18:24 [scrapy.core.engine] DEBUG: Crawled (200) <GET https://www.bbc.com/news/health-41671060> (referer: https://www.bbc.com/news/health-45329030)
2019-06-06 02:18:24 [scrapy.core.engine] DEBUG: Crawled (200) <GET https://www.bbc.com/news/health-48357762?intlink_from_url=&#38;link_location=live-reporting-story> (referer: https://www.bbc.com/news/health-48357762?intlink_from_url=&link_location=live-reporting-story)
2019-06-06 02:18:24 [scrapy.core.engine] DEBUG: Crawled (200) <GET https://www.bbc.com/news/health-48256759> (referer: https://www.bbc.com/news/health-48495313)
2019-06-06 02:18:24 [scrapy.core.engine] DEBUG: Crawled (200) <GET https://www.bbc.com/news/health-48495313/comments> (referer: https://www.bbc.com/news/health-48495313)
2019-06-06 02:18:24 [scrapy.core.engine] DEBUG: Crawled (200) <GET https://www.bbc.com/news/health-41159269> (referer: https://www.bbc.com/news/health-41224151)
2019-06-06 02:18:24 [scrapy.core.engine] DEBUG: Crawled (200) <GET https://www.bbc.com/news/health-42572110> (referer: https://www.bbc.com/news/health-45485814)
2019-06-06 02:18:24 [scrapy.core.engine] DEBUG: Crawled (200) <GET https://www.bbc.com/news/health-45485814/comments> (referer: https://www.bbc.com/news/health-45485814)
2019-06-06 02:18:24 [scrapy.core.engine] DEBUG: Crawled (200) <GET https://www.bbc.com/news/health-42560312> (referer: https://www.bbc.com/news/health-42565413)
2019-06-06 02:18:25 [scrapy.core.engine] DEBUG: Crawled (200) <GET https://account.bbc.com/robots.txt> (referer: None)
2019-06-06 02:18:25 [scrapy.downloadermiddlewares.robotstxt] DEBUG: Forbidden by robots.txt: <GET https://account.bbc.com/account?ptrt=https://www.bbc.com/news/health-48514349>
2019-06-06 02:18:25 [scrapy.downloadermiddlewares.robotstxt] DEBUG: Forbidden by robots.txt: <GET https://account.bbc.com/account?ptrt=https://www.bbc.com/news/health-48472388>
2019-06-06 02:18:25 [scrapy.downloadermiddlewares.robotstxt] DEBUG: Forbidden by robots.txt: <GET https://account.bbc.com/account?ptrt=https://www.bbc.com/news/health-48496652>
2019-06-06 02:18:25 [scrapy.downloadermiddlewares.robotstxt] DEBUG: Forbidden by robots.txt: <GET https://account.bbc.com/account?ptrt=https://www.bbc.com/news/health-48438139>
2019-06-06 02:18:25 [scrapy.downloadermiddlewares.robotstxt] DEBUG: Forbidden by robots.txt: <GET https://account.bbc.com/account?ptrt=https://www.bbc.com/news/health-48509969>
2019-06-06 02:18:25 [scrapy.downloadermiddlewares.robotstxt] DEBUG: Forbidden by robots.txt: <GET https://account.bbc.com/account?ptrt=https://www.bbc.com/news/health-48478529>
2019-06-06 02:18:25 [scrapy.downloadermiddlewares.robotstxt] DEBUG: Forbidden by robots.txt: <GET https://account.bbc.com/account?ptrt=https://www.bbc.com/news/health-45329030>
2019-06-06 02:18:25 [scrapy.downloadermiddlewares.robotstxt] DEBUG: Forbidden by robots.txt: <GET https://account.bbc.com/account?ptrt=https://www.bbc.com/news/health-48431858>
2019-06-06 02:18:25 [scrapy.downloadermiddlewares.robotstxt] DEBUG: Forbidden by robots.txt: <GET https://account.bbc.com/account?ptrt=https://www.bbc.com/news/health-48357762>
2019-06-06 02:18:25 [scrapy.downloadermiddlewares.robotstxt] DEBUG: Forbidden by robots.txt: <GET https://account.bbc.com/account?ptrt=https://www.bbc.com/news/health-48464510>
2019-06-06 02:18:25 [scrapy.downloadermiddlewares.robotstxt] DEBUG: Forbidden by robots.txt: <GET https://account.bbc.com/account?ptrt=https://www.bbc.com/news/health-41224151>
2019-06-06 02:18:25 [scrapy.downloadermiddlewares.robotstxt] DEBUG: Forbidden by robots.txt: <GET https://account.bbc.com/account?ptrt=https://www.bbc.com/news/health-48495313>
2019-06-06 02:18:25 [scrapy.downloadermiddlewares.robotstxt] DEBUG: Forbidden by robots.txt: <GET https://account.bbc.com/account?ptrt=https://www.bbc.com/news/health-45485814>
2019-06-06 02:18:25 [scrapy.downloadermiddlewares.robotstxt] DEBUG: Forbidden by robots.txt: <GET https://account.bbc.com/account?ptrt=https://www.bbc.com/news/health-48231909>
2019-06-06 02:18:25 [scrapy.downloadermiddlewares.robotstxt] DEBUG: Forbidden by robots.txt: <GET https://account.bbc.com/account?ptrt=https://www.bbc.com/news/health-41159269>
2019-06-06 02:18:25 [scrapy.downloadermiddlewares.robotstxt] DEBUG: Forbidden by robots.txt: <GET https://account.bbc.com/account?ptrt=https://www.bbc.com/news/health-42560312>
2019-06-06 02:18:25 [scrapy.downloadermiddlewares.robotstxt] DEBUG: Forbidden by robots.txt: <GET https://account.bbc.com/account?ptrt=https://www.bbc.com/news/health-42572110>
2019-06-06 02:18:25 [scrapy.downloadermiddlewares.robotstxt] DEBUG: Forbidden by robots.txt: <GET https://account.bbc.com/account?ptrt=https://www.bbc.com/news/health-48256759>
2019-06-06 02:18:25 [scrapy.downloadermiddlewares.robotstxt] DEBUG: Forbidden by robots.txt: <GET https://account.bbc.com/account?ptrt=https://www.bbc.com/news/health-41671060>
2019-06-06 02:18:25 [scrapy.downloadermiddlewares.robotstxt] DEBUG: Forbidden by robots.txt: <GET https://account.bbc.com/account?ptrt=https://www.bbc.com/news/health-47115039>
2019-06-06 02:18:25 [scrapy.downloadermiddlewares.robotstxt] DEBUG: Forbidden by robots.txt: <GET https://account.bbc.com/account?ptrt=https://www.bbc.com/news/health-42565413>
2019-06-06 02:18:25 [scrapy.downloadermiddlewares.robotstxt] DEBUG: Forbidden by robots.txt: <GET https://account.bbc.com/account?ptrt=https://www.bbc.com/news/health-44384289>
2019-06-06 02:18:25 [scrapy.downloadermiddlewares.robotstxt] DEBUG: Forbidden by robots.txt: <GET https://account.bbc.com/account?ptrt=https://www.bbc.com/news/health-42439679>
2019-06-06 02:18:25 [scrapy.downloadermiddlewares.robotstxt] DEBUG: Forbidden by robots.txt: <GET https://account.bbc.com/account?ptrt=https://www.bbc.com/news/health-48313942>
2019-06-06 02:18:25 [scrapy.downloadermiddlewares.robotstxt] DEBUG: Forbidden by robots.txt: <GET https://account.bbc.com/account?ptrt=https://www.bbc.com/news/health-47616491>
2019-06-06 02:18:25 [scrapy.core.engine] DEBUG: Crawled (200) <GET https://www.bbc.com/news/health-44368741> (referer: https://www.bbc.com/news/health-44384289)
2019-06-06 02:18:25 [scrapy.core.engine] DEBUG: Crawled (200) <GET https://www.bbc.com/news/health-38838852> (referer: https://www.bbc.com/news/health-42572110)
2019-06-06 02:18:25 [scrapy.core.engine] DEBUG: Crawled (200) <GET https://www.bbc.com/news/health-48313942/comments> (referer: https://www.bbc.com/news/health-48313942)
2019-06-06 02:18:25 [scrapy.core.engine] DEBUG: Crawled (200) <GET https://www.bbc.com/news/health-38876527> (referer: https://www.bbc.com/news/health-42572110)
2019-06-06 02:18:25 [scrapy.core.engine] DEBUG: Crawled (200) <GET https://www.bbc.com/news/health-38252335> (referer: https://www.bbc.com/news/health-41671060)
2019-06-06 02:18:25 [scrapy.core.engine] DEBUG: Crawled (200) <GET https://www.bbc.com/news/health-41483322> (referer: https://www.bbc.com/news/health-42565413)
2019-06-06 02:18:25 [scrapy.core.engine] DEBUG: Crawled (200) <GET https://www.bbc.com/news/health-40370381> (referer: https://www.bbc.com/news/health-44384289)
2019-06-06 02:18:25 [scrapy.downloadermiddlewares.robotstxt] DEBUG: Forbidden by robots.txt: <GET https://account.bbc.com/account?ptrt=https://www.bbc.com/news/health-44368741>
2019-06-06 02:18:25 [scrapy.downloadermiddlewares.robotstxt] DEBUG: Forbidden by robots.txt: <GET https://account.bbc.com/account?ptrt=https://www.bbc.com/news/health-38838852>
2019-06-06 02:18:25 [scrapy.core.engine] DEBUG: Crawled (200) <GET https://www.bbc.com/news/health-40802193> (referer: https://www.bbc.com/news/health-44368741)
2019-06-06 02:18:25 [scrapy.core.engine] DEBUG: Crawled (200) <GET https://www.bbc.com/news/health-43840505> (referer: https://www.bbc.com/news/health-44368741)
2019-06-06 02:18:25 [scrapy.downloadermiddlewares.robotstxt] DEBUG: Forbidden by robots.txt: <GET https://account.bbc.com/account?ptrt=https://www.bbc.com/news/health-40370381>
2019-06-06 02:18:25 [scrapy.downloadermiddlewares.robotstxt] DEBUG: Forbidden by robots.txt: <GET https://account.bbc.com/account?ptrt=https://www.bbc.com/news/health-41483322>
2019-06-06 02:18:25 [scrapy.downloadermiddlewares.robotstxt] DEBUG: Forbidden by robots.txt: <GET https://account.bbc.com/account?ptrt=https://www.bbc.com/news/health-38252335>
2019-06-06 02:18:26 [scrapy.downloadermiddlewares.robotstxt] DEBUG: Forbidden by robots.txt: <GET https://account.bbc.com/account?ptrt=https://www.bbc.com/news/health-38876527>
2019-06-06 02:18:26 [scrapy.core.engine] DEBUG: Crawled (200) <GET https://www.bbc.com/news/health-36946000> (referer: https://www.bbc.com/news/health-40370381)
2019-06-06 02:18:26 [scrapy.core.engine] DEBUG: Crawled (200) <GET https://www.bbc.com/news/health-31601042> (referer: https://www.bbc.com/news/health-40370381)
2019-06-06 02:18:26 [scrapy.core.engine] DEBUG: Crawled (200) <GET https://www.bbc.com/news/health-30414589> (referer: https://www.bbc.com/news/health-38252335)
2019-06-06 02:18:26 [scrapy.core.engine] DEBUG: Crawled (200) <GET https://www.bbc.com/news/health-38876527/comments> (referer: https://www.bbc.com/news/health-38876527)
2019-06-06 02:18:26 [scrapy.core.engine] DEBUG: Crawled (200) <GET https://www.bbc.com/news/health-39872530> (referer: https://www.bbc.com/news/health-40370381)
2019-06-06 02:18:26 [scrapy.downloadermiddlewares.robotstxt] DEBUG: Forbidden by robots.txt: <GET https://account.bbc.com/account?ptrt=https://www.bbc.com/news/health-40802193>
2019-06-06 02:18:26 [scrapy.downloadermiddlewares.robotstxt] DEBUG: Forbidden by robots.txt: <GET https://account.bbc.com/account?ptrt=https://www.bbc.com/news/health-43840505>
2019-06-06 02:18:26 [scrapy.core.engine] DEBUG: Crawled (200) <GET https://www.bbc.com/news/health-33237995> (referer: https://www.bbc.com/news/health-40802193)
2019-06-06 02:18:26 [scrapy.core.engine] DEBUG: Crawled (200) <GET https://www.bbc.com/news/health-38207594> (referer: https://www.bbc.com/news/health-40802193)
2019-06-06 02:18:26 [scrapy.core.engine] DEBUG: Crawled (200) <GET https://www.bbc.com/news/health-43571120> (referer: https://www.bbc.com/news/health-43840505)
2019-06-06 02:18:26 [scrapy.downloadermiddlewares.robotstxt] DEBUG: Forbidden by robots.txt: <GET https://account.bbc.com/account?ptrt=https://www.bbc.com/news/health-36946000>
2019-06-06 02:18:26 [scrapy.downloadermiddlewares.robotstxt] DEBUG: Forbidden by robots.txt: <GET https://account.bbc.com/account?ptrt=https://www.bbc.com/news/health-39872530>
2019-06-06 02:18:26 [scrapy.downloadermiddlewares.robotstxt] DEBUG: Forbidden by robots.txt: <GET https://account.bbc.com/account?ptrt=https://www.bbc.com/news/health-30414589>
2019-06-06 02:18:26 [scrapy.downloadermiddlewares.robotstxt] DEBUG: Forbidden by robots.txt: <GET https://account.bbc.com/account?ptrt=https://www.bbc.com/news/health-31601042>
2019-06-06 02:18:26 [scrapy.core.engine] DEBUG: Crawled (200) <GET https://www.bbc.com/news/health-36683073> (referer: https://www.bbc.com/news/health-36946000)
2019-06-06 02:18:26 [scrapy.core.engine] DEBUG: Crawled (200) <GET https://www.bbc.com/news/health-36946000/comments> (referer: https://www.bbc.com/news/health-36946000)
2019-06-06 02:18:26 [scrapy.core.engine] DEBUG: Crawled (200) <GET https://www.bbc.com/news/health-36952939> (referer: https://www.bbc.com/news/health-36946000)
2019-06-06 02:18:26 [scrapy.core.engine] DEBUG: Crawled (200) <GET https://www.bbc.com/news/health-31622337> (referer: https://www.bbc.com/news/health-36946000)
2019-06-06 02:18:26 [scrapy.core.engine] DEBUG: Crawled (200) <GET https://www.bbc.com/news/health-36421124> (referer: https://www.bbc.com/news/health-36946000)
2019-06-06 02:18:26 [scrapy.core.engine] DEBUG: Crawled (200) <GET https://www.bbc.com/news/health-36518762> (referer: https://www.bbc.com/news/health-36946000)
2019-06-06 02:18:26 [scrapy.core.engine] DEBUG: Crawled (200) <GET https://www.bbc.com/news/health-25003063> (referer: https://www.bbc.com/news/health-30414589)
2019-06-06 02:18:26 [scrapy.core.engine] DEBUG: Crawled (200) <GET https://www.bbc.com/news/health-31511244> (referer: https://www.bbc.com/news/health-31601042)
2019-06-06 02:18:26 [scrapy.core.engine] DEBUG: Crawled (200) <GET https://www.bbc.com/news/health-15853743> (referer: https://www.bbc.com/news/health-31601042)
2019-06-06 02:18:26 [scrapy.core.engine] DEBUG: Crawled (200) <GET https://www.bbc.com/news/health-30254697> (referer: https://www.bbc.com/news/health-31601042)
2019-06-06 02:18:26 [scrapy.downloadermiddlewares.robotstxt] DEBUG: Forbidden by robots.txt: <GET https://account.bbc.com/account?ptrt=https://www.bbc.com/news/health-43571120>
2019-06-06 02:18:26 [scrapy.downloadermiddlewares.robotstxt] DEBUG: Forbidden by robots.txt: <GET https://account.bbc.com/account?ptrt=https://www.bbc.com/news/health-38207594>
2019-06-06 02:18:26 [scrapy.downloadermiddlewares.robotstxt] DEBUG: Forbidden by robots.txt: <GET https://account.bbc.com/account?ptrt=https://www.bbc.com/news/health-33237995>
2019-06-06 02:18:27 [scrapy.core.engine] DEBUG: Crawled (200) <GET https://www.bbc.com/news/health-21832543> (referer: https://www.bbc.com/news/health-38207594)
2019-06-06 02:18:27 [scrapy.core.engine] DEBUG: Crawled (200) <GET https://www.bbc.com/news/health-34269315> (referer: https://www.bbc.com/news/health-43571120)
2019-06-06 02:18:27 [scrapy.core.engine] DEBUG: Crawled (200) <GET https://www.bbc.com/news/health-35153794> (referer: https://www.bbc.com/news/health-43571120)
2019-06-06 02:18:27 [scrapy.downloadermiddlewares.robotstxt] DEBUG: Forbidden by robots.txt: <GET https://account.bbc.com/account?ptrt=https://www.bbc.com/news/health-36518762>
2019-06-06 02:18:27 [scrapy.downloadermiddlewares.robotstxt] DEBUG: Forbidden by robots.txt: <GET https://account.bbc.com/account?ptrt=https://www.bbc.com/news/health-36421124>
2019-06-06 02:18:27 [scrapy.downloadermiddlewares.robotstxt] DEBUG: Forbidden by robots.txt: <GET https://account.bbc.com/account?ptrt=https://www.bbc.com/news/health-31622337>
2019-06-06 02:18:27 [scrapy.downloadermiddlewares.robotstxt] DEBUG: Forbidden by robots.txt: <GET https://account.bbc.com/account?ptrt=https://www.bbc.com/news/health-36952939>
2019-06-06 02:18:27 [scrapy.downloadermiddlewares.robotstxt] DEBUG: Forbidden by robots.txt: <GET https://account.bbc.com/account?ptrt=https://www.bbc.com/news/health-36683073>
2019-06-06 02:18:27 [scrapy.core.engine] DEBUG: Crawled (200) <GET https://www.bbc.com/news/health-36464289> (referer: https://www.bbc.com/news/health-36683073)
2019-06-06 02:18:27 [scrapy.core.engine] DEBUG: Crawled (200) <GET https://www.bbc.com/news/health-34402618> (referer: https://www.bbc.com/news/health-36421124)
2019-06-06 02:18:27 [scrapy.core.engine] DEBUG: Crawled (200) <GET https://www.bbc.com/news/health-35301242> (referer: https://www.bbc.com/news/health-36421124)
2019-06-06 02:18:27 [scrapy.core.engine] DEBUG: Crawled (200) <GET https://www.bbc.com/news/health-35433856> (referer: https://www.bbc.com/news/health-36683073)
2019-06-06 02:18:27 [scrapy.core.engine] DEBUG: Crawled (200) <GET https://www.bbc.com/news/health-35870296> (referer: https://www.bbc.com/news/health-36683073)
2019-06-06 02:18:27 [scrapy.downloadermiddlewares.robotstxt] DEBUG: Forbidden by robots.txt: <GET https://account.bbc.com/account?ptrt=https://www.bbc.com/news/health-30254697>
2019-06-06 02:18:27 [scrapy.downloadermiddlewares.robotstxt] DEBUG: Forbidden by robots.txt: <GET https://account.bbc.com/account?ptrt=https://www.bbc.com/news/health-15853743>
2019-06-06 02:18:27 [scrapy.downloadermiddlewares.robotstxt] DEBUG: Forbidden by robots.txt: <GET https://account.bbc.com/account?ptrt=https://www.bbc.com/news/health-31511244>
2019-06-06 02:18:27 [scrapy.downloadermiddlewares.robotstxt] DEBUG: Forbidden by robots.txt: <GET https://account.bbc.com/account?ptrt=https://www.bbc.com/news/health-25003063>
2019-06-06 02:18:27 [scrapy.core.engine] DEBUG: Crawled (200) <GET https://www.bbc.com/news/health-38250580> (referer: https://www.bbc.com/news/health-40802193)
2019-06-06 02:18:27 [scrapy.core.engine] DEBUG: Crawled (200) <GET https://www.bbc.com/news/health-28159515> (referer: https://www.bbc.com/news/health-30254697)
2019-06-06 02:18:27 [scrapy.core.engine] DEBUG: Crawled (200) <GET https://www.bbc.com/news/health-28325761> (referer: https://www.bbc.com/news/health-30254697)
2019-06-06 02:18:27 [scrapy.core.engine] DEBUG: Crawled (200) <GET https://www.bbc.com/news/health-29442642> (referer: https://www.bbc.com/news/health-30254697)
2019-06-06 02:18:27 [scrapy.core.engine] DEBUG: Crawled (200) <GET https://www.bbc.com/news/health-28352370> (referer: https://www.bbc.com/news/health-30254697)
2019-06-06 02:18:27 [scrapy.downloadermiddlewares.robotstxt] DEBUG: Forbidden by robots.txt: <GET https://account.bbc.com/account?ptrt=https://www.bbc.com/news/health-35153794>
2019-06-06 02:18:27 [scrapy.downloadermiddlewares.robotstxt] DEBUG: Forbidden by robots.txt: <GET https://account.bbc.com/account?ptrt=https://www.bbc.com/news/health-34269315>
2019-06-06 02:18:27 [scrapy.downloadermiddlewares.robotstxt] DEBUG: Forbidden by robots.txt: <GET https://account.bbc.com/account?ptrt=https://www.bbc.com/news/health-21832543>
2019-06-06 02:18:27 [scrapy.core.engine] DEBUG: Crawled (200) <GET https://www.bbc.com/news/health-30282147> (referer: https://www.bbc.com/news/health-30254697)
2019-06-06 02:18:27 [scrapy.core.engine] DEBUG: Crawled (200) <GET https://www.bbc.com/news/health-29460198> (referer: https://www.bbc.com/news/health-30254697)
2019-06-06 02:18:27 [scrapy.core.engine] DEBUG: Crawled (200) <GET https://www.bbc.com/news/health-28257768> (referer: https://www.bbc.com/news/health-30254697)
2019-06-06 02:18:27 [scrapy.core.engine] DEBUG: Crawled (200) <GET https://www.bbc.com/news/health-14078098> (referer: https://www.bbc.com/news/health-34269315)
2019-06-06 02:18:27 [scrapy.core.engine] DEBUG: Crawled (200) <GET https://www.bbc.com/news/health-21580620> (referer: https://www.bbc.com/news/health-34269315)
2019-06-06 02:18:27 [scrapy.core.engine] DEBUG: Crawled (200) <GET https://www.bbc.com/news/health-31649099> (referer: https://www.bbc.com/news/health-34269315)
2019-06-06 02:18:27 [scrapy.downloadermiddlewares.robotstxt] DEBUG: Forbidden by robots.txt: <GET https://account.bbc.com/account?ptrt=https://www.bbc.com/news/health-35870296>
2019-06-06 02:18:27 [scrapy.downloadermiddlewares.robotstxt] DEBUG: Forbidden by robots.txt: <GET https://account.bbc.com/account?ptrt=https://www.bbc.com/news/health-35433856>
2019-06-06 02:18:27 [scrapy.downloadermiddlewares.robotstxt] DEBUG: Forbidden by robots.txt: <GET https://account.bbc.com/account?ptrt=https://www.bbc.com/news/health-35301242>
2019-06-06 02:18:27 [scrapy.downloadermiddlewares.robotstxt] DEBUG: Forbidden by robots.txt: <GET https://account.bbc.com/account?ptrt=https://www.bbc.com/news/health-34402618>
2019-06-06 02:18:27 [scrapy.downloadermiddlewares.robotstxt] DEBUG: Forbidden by robots.txt: <GET https://account.bbc.com/account?ptrt=https://www.bbc.com/news/health-36464289>
2019-06-06 02:18:28 [scrapy.downloadermiddlewares.robotstxt] DEBUG: Forbidden by robots.txt: <GET https://account.bbc.com/account?ptrt=https://www.bbc.com/news/health-38250580>
2019-06-06 02:18:28 [scrapy.core.engine] DEBUG: Crawled (200) <GET https://www.bbc.com/news/health-32333161> (referer: https://www.bbc.com/news/health-34402618)
2019-06-06 02:18:28 [scrapy.core.engine] DEBUG: Crawled (200) <GET https://www.bbc.com/news/health-32914219> (referer: https://www.bbc.com/news/health-34402618)
2019-06-06 02:18:28 [scrapy.core.engine] DEBUG: Crawled (200) <GET https://www.bbc.com/news/health-33720325> (referer: https://www.bbc.com/news/health-35433856)
2019-06-06 02:18:28 [scrapy.downloadermiddlewares.robotstxt] DEBUG: Forbidden by robots.txt: <GET https://account.bbc.com/account?ptrt=https://www.bbc.com/news/health-28352370>
2019-06-06 02:18:28 [scrapy.downloadermiddlewares.robotstxt] DEBUG: Forbidden by robots.txt: <GET https://account.bbc.com/account?ptrt=https://www.bbc.com/news/health-29442642>
2019-06-06 02:18:28 [scrapy.downloadermiddlewares.robotstxt] DEBUG: Forbidden by robots.txt: <GET https://account.bbc.com/account?ptrt=https://www.bbc.com/news/health-28325761>
2019-06-06 02:18:28 [scrapy.downloadermiddlewares.robotstxt] DEBUG: Forbidden by robots.txt: <GET https://account.bbc.com/account?ptrt=https://www.bbc.com/news/health-28159515>
2019-06-06 02:18:28 [scrapy.core.engine] DEBUG: Crawled (200) <GET https://www.bbc.com/news/health-36828738> (referer: https://www.bbc.com/news/health-38250580)
2019-06-06 02:18:28 [scrapy.core.engine] DEBUG: Crawled (200) <GET https://www.bbc.com/news/health-37683724> (referer: https://www.bbc.com/news/health-38250580)
2019-06-06 02:18:28 [scrapy.core.engine] DEBUG: Crawled (200) <GET https://www.bbc.com/news/health-37790852> (referer: https://www.bbc.com/news/health-38876527)
2019-06-06 02:18:28 [scrapy.core.engine] DEBUG: Crawled (200) <GET https://www.bbc.com/news/health-26451427> (referer: https://www.bbc.com/news/health-28159515)
2019-06-06 02:18:28 [scrapy.core.engine] DEBUG: Crawled (200) <GET https://www.bbc.com/news/health-24745611> (referer: https://www.bbc.com/news/health-28159515)
2019-06-06 02:18:28 [scrapy.core.engine] DEBUG: Crawled (200) <GET https://www.bbc.com/news/health-23132561> (referer: https://www.bbc.com/news/health-28159515)
2019-06-06 02:18:28 [scrapy.downloadermiddlewares.robotstxt] DEBUG: Forbidden by robots.txt: <GET https://account.bbc.com/account?ptrt=https://www.bbc.com/news/health-31649099>
2019-06-06 02:18:28 [scrapy.downloadermiddlewares.robotstxt] DEBUG: Forbidden by robots.txt: <GET https://account.bbc.com/account?ptrt=https://www.bbc.com/news/health-21580620>
2019-06-06 02:18:28 [scrapy.downloadermiddlewares.robotstxt] DEBUG: Forbidden by robots.txt: <GET https://account.bbc.com/account?ptrt=https://www.bbc.com/news/health-14078098>
2019-06-06 02:18:28 [scrapy.downloadermiddlewares.robotstxt] DEBUG: Forbidden by robots.txt: <GET https://account.bbc.com/account?ptrt=https://www.bbc.com/news/health-28257768>
2019-06-06 02:18:28 [scrapy.downloadermiddlewares.robotstxt] DEBUG: Forbidden by robots.txt: <GET https://account.bbc.com/account?ptrt=https://www.bbc.com/news/health-29460198>
2019-06-06 02:18:28 [scrapy.downloadermiddlewares.robotstxt] DEBUG: Forbidden by robots.txt: <GET https://account.bbc.com/account?ptrt=https://www.bbc.com/news/health-30282147>
2019-06-06 02:18:28 [scrapy.core.engine] DEBUG: Crawled (200) <GET https://www.bbc.com/news/health-21783945> (referer: https://www.bbc.com/news/health-28159515)
2019-06-06 02:18:28 [scrapy.core.engine] DEBUG: Crawled (200) <GET https://www.bbc.com/news/health-13381292> (referer: https://www.bbc.com/news/health-28257768)
2019-06-06 02:18:28 [scrapy.core.engine] DEBUG: Crawled (200) <GET https://www.bbc.com/news/health-21653463> (referer: https://www.bbc.com/news/health-28257768)
2019-06-06 02:18:28 [scrapy.downloadermiddlewares.robotstxt] DEBUG: Forbidden by robots.txt: <GET https://account.bbc.com/account?ptrt=https://www.bbc.com/news/health-33720325>
2019-06-06 02:18:28 [scrapy.downloadermiddlewares.robotstxt] DEBUG: Forbidden by robots.txt: <GET https://account.bbc.com/account?ptrt=https://www.bbc.com/news/health-32914219>
2019-06-06 02:18:28 [scrapy.downloadermiddlewares.robotstxt] DEBUG: Forbidden by robots.txt: <GET https://account.bbc.com/account?ptrt=https://www.bbc.com/news/health-32333161>
2019-06-06 02:18:29 [scrapy.core.engine] DEBUG: Crawled (200) <GET https://www.bbc.com/news/health-20084303> (referer: https://www.bbc.com/news/health-28257768)
2019-06-06 02:18:29 [scrapy.core.engine] DEBUG: Crawled (200) <GET https://www.bbc.com/news/health-18258775> (referer: https://www.bbc.com/news/health-21580620)
2019-06-06 02:18:29 [scrapy.core.engine] DEBUG: Crawled (200) <GET https://www.bbc.com/news/health-16968795> (referer: https://www.bbc.com/news/health-28257768)
2019-06-06 02:18:29 [scrapy.downloadermiddlewares.robotstxt] DEBUG: Forbidden by robots.txt: <GET https://account.bbc.com/account?ptrt=https://www.bbc.com/news/health-37790852>
2019-06-06 02:18:29 [scrapy.downloadermiddlewares.robotstxt] DEBUG: Forbidden by robots.txt: <GET https://account.bbc.com/account?ptrt=https://www.bbc.com/news/health-37683724>
2019-06-06 02:18:29 [scrapy.downloadermiddlewares.robotstxt] DEBUG: Forbidden by robots.txt: <GET https://account.bbc.com/account?ptrt=https://www.bbc.com/news/health-36828738>
2019-06-06 02:18:29 [scrapy.core.engine] DEBUG: Crawled (200) <GET https://www.bbc.com/news/health-12758230> (referer: https://www.bbc.com/news/health-32333161)
2019-06-06 02:18:29 [scrapy.core.engine] DEBUG: Crawled (200) <GET https://www.bbc.com/news/health-38250580/comments> (referer: https://www.bbc.com/news/health-38250580)
2019-06-06 02:18:29 [scrapy.core.engine] DEBUG: Crawled (200) <GET https://www.bbc.com/news/health-23269778> (referer: https://www.bbc.com/news/health-32333161)
2019-06-06 02:18:29 [scrapy.core.engine] DEBUG: Crawled (200) <GET https://www.bbc.com/news/health-16107411> (referer: https://www.bbc.com/news/health-32333161)
2019-06-06 02:18:29 [scrapy.downloadermiddlewares.robotstxt] DEBUG: Forbidden by robots.txt: <GET https://account.bbc.com/account?ptrt=https://www.bbc.com/news/health-23132561>
2019-06-06 02:18:29 [scrapy.downloadermiddlewares.robotstxt] DEBUG: Forbidden by robots.txt: <GET https://account.bbc.com/account?ptrt=https://www.bbc.com/news/health-24745611>
2019-06-06 02:18:29 [scrapy.downloadermiddlewares.robotstxt] DEBUG: Forbidden by robots.txt: <GET https://account.bbc.com/account?ptrt=https://www.bbc.com/news/health-26451427>
2019-06-06 02:18:29 [scrapy.core.engine] DEBUG: Crawled (200) <GET https://www.bbc.com/news/health-20179561> (referer: https://www.bbc.com/news/health-32333161)
2019-06-06 02:18:29 [scrapy.core.engine] DEBUG: Crawled (200) <GET https://www.bbc.com/news/health-19789397> (referer: https://www.bbc.com/news/health-37790852)
2019-06-06 02:18:29 [scrapy.core.engine] DEBUG: Crawled (200) <GET https://www.bbc.com/news/health-37621239> (referer: https://www.bbc.com/news/health-37790852)
2019-06-06 02:18:29 [scrapy.downloadermiddlewares.robotstxt] DEBUG: Forbidden by robots.txt: <GET https://account.bbc.com/account?ptrt=https://www.bbc.com/news/health-21653463>
2019-06-06 02:18:29 [scrapy.downloadermiddlewares.robotstxt] DEBUG: Forbidden by robots.txt: <GET https://account.bbc.com/account?ptrt=https://www.bbc.com/news/health-13381292>
2019-06-06 02:18:29 [scrapy.downloadermiddlewares.robotstxt] DEBUG: Forbidden by robots.txt: <GET https://account.bbc.com/account?ptrt=https://www.bbc.com/news/health-21783945>
2019-06-06 02:18:29 [scrapy.core.engine] DEBUG: Crawled (200) <GET https://www.bbc.com/news/health-37790852/comments> (referer: https://www.bbc.com/news/health-37790852)
2019-06-06 02:18:29 [scrapy.core.engine] DEBUG: Crawled (200) <GET https://www.bbc.com/news/health-36341235> (referer: https://www.bbc.com/news/health-37683724)
2019-06-06 02:18:29 [scrapy.core.engine] DEBUG: Crawled (200) <GET https://www.bbc.com/news/health-27894551> (referer: https://www.bbc.com/news/health-36828738)
2019-06-06 02:18:29 [scrapy.core.engine] DEBUG: Crawled (200) <GET https://www.bbc.com/news/health-29253075> (referer: https://www.bbc.com/news/health-36828738)
2019-06-06 02:18:29 [scrapy.core.engine] DEBUG: Crawled (200) <GET https://www.bbc.com/news/health-34484197> (referer: https://www.bbc.com/news/health-36828738)
2019-06-06 02:18:29 [scrapy.core.engine] DEBUG: Crawled (200) <GET https://www.bbc.com/news/health-34879194> (referer: https://www.bbc.com/news/health-36828738)
2019-06-06 02:18:29 [scrapy.core.engine] DEBUG: Crawled (200) <GET https://www.bbc.com/news/health-34905801> (referer: https://www.bbc.com/news/health-36828738)
2019-06-06 02:18:29 [scrapy.downloadermiddlewares.robotstxt] DEBUG: Forbidden by robots.txt: <GET https://account.bbc.com/account?ptrt=https://www.bbc.com/news/health-16107411>
2019-06-06 02:18:29 [scrapy.downloadermiddlewares.robotstxt] DEBUG: Forbidden by robots.txt: <GET https://account.bbc.com/account?ptrt=https://www.bbc.com/news/health-23269778>
2019-06-06 02:18:29 [scrapy.downloadermiddlewares.robotstxt] DEBUG: Forbidden by robots.txt: <GET https://account.bbc.com/account?ptrt=https://www.bbc.com/news/health-12758230>
2019-06-06 02:18:29 [scrapy.downloadermiddlewares.robotstxt] DEBUG: Forbidden by robots.txt: <GET https://account.bbc.com/account?ptrt=https://www.bbc.com/news/health-16968795>
2019-06-06 02:18:29 [scrapy.downloadermiddlewares.robotstxt] DEBUG: Forbidden by robots.txt: <GET https://account.bbc.com/account?ptrt=https://www.bbc.com/news/health-18258775>
2019-06-06 02:18:29 [scrapy.downloadermiddlewares.robotstxt] DEBUG: Forbidden by robots.txt: <GET https://account.bbc.com/account?ptrt=https://www.bbc.com/news/health-20084303>
2019-06-06 02:18:30 [scrapy.core.engine] DEBUG: Crawled (200) <GET https://www.bbc.com/news/health-21040256> (referer: https://www.bbc.com/news/health-28159515)
2019-06-06 02:18:30 [scrapy.core.engine] DEBUG: Crawled (200) <GET https://www.bbc.com/news/health-22002455> (referer: https://www.bbc.com/news/health-26451427)
2019-06-06 02:18:30 [scrapy.core.engine] DEBUG: Crawled (200) <GET https://www.bbc.com/news/health-12338325> (referer: https://www.bbc.com/news/health-12758230)
2019-06-06 02:18:30 [scrapy.core.engine] DEBUG: Crawled (200) <GET https://www.bbc.com/news/health-15946803> (referer: https://www.bbc.com/news/health-16968795)
2019-06-06 02:18:30 [scrapy.core.engine] DEBUG: Crawled (200) <GET https://www.bbc.com/news/health-15446912> (referer: https://www.bbc.com/news/health-16107411)
2019-06-06 02:18:30 [scrapy.core.engine] DEBUG: Crawled (200) <GET https://www.bbc.com/news/health-15922568> (referer: https://www.bbc.com/news/health-16968795)
2019-06-06 02:18:30 [scrapy.core.engine] DEBUG: Crawled (200) <GET https://www.bbc.com/news/health-15272081> (referer: https://www.bbc.com/news/health-16107411)
2019-06-06 02:18:30 [scrapy.core.engine] DEBUG: Crawled (200) <GET https://www.bbc.com/news/health-19409154> (referer: https://www.bbc.com/news/health-23269778)
2019-06-06 02:18:30 [scrapy.downloadermiddlewares.robotstxt] DEBUG: Forbidden by robots.txt: <GET https://account.bbc.com/account?ptrt=https://www.bbc.com/news/health-29253075>
2019-06-06 02:18:30 [scrapy.downloadermiddlewares.robotstxt] DEBUG: Forbidden by robots.txt: <GET https://account.bbc.com/account?ptrt=https://www.bbc.com/news/health-27894551>
2019-06-06 02:18:30 [scrapy.downloadermiddlewares.robotstxt] DEBUG: Forbidden by robots.txt: <GET https://account.bbc.com/account?ptrt=https://www.bbc.com/news/health-36341235>
2019-06-06 02:18:30 [scrapy.downloadermiddlewares.robotstxt] DEBUG: Forbidden by robots.txt: <GET https://account.bbc.com/account?ptrt=https://www.bbc.com/news/health-37621239>
2019-06-06 02:18:30 [scrapy.downloadermiddlewares.robotstxt] DEBUG: Forbidden by robots.txt: <GET https://account.bbc.com/account?ptrt=https://www.bbc.com/news/health-19789397>
2019-06-06 02:18:30 [scrapy.downloadermiddlewares.robotstxt] DEBUG: Forbidden by robots.txt: <GET https://account.bbc.com/account?ptrt=https://www.bbc.com/news/health-20179561>
2019-06-06 02:18:30 [scrapy.core.engine] DEBUG: Crawled (200) <GET https://www.bbc.com/news/health-18924648> (referer: https://www.bbc.com/news/health-20084303)
2019-06-06 02:18:30 [scrapy.core.engine] DEBUG: Crawled (200) <GET https://www.bbc.com/news/health-18624840> (referer: https://www.bbc.com/news/health-20084303)
2019-06-06 02:18:30 [scrapy.core.engine] DEBUG: Crawled (200) <GET https://www.bbc.com/news/health-28079720> (referer: https://www.bbc.com/news/health-29253075)
2019-06-06 02:18:30 [scrapy.core.engine] DEBUG: Crawled (200) <GET https://www.bbc.com/news/health-28189074> (referer: https://www.bbc.com/news/health-29253075)
2019-06-06 02:18:30 [scrapy.core.engine] DEBUG: Crawled (200) <GET https://www.bbc.com/news/health-28235850> (referer: https://www.bbc.com/news/health-29253075)
2019-06-06 02:18:30 [scrapy.core.engine] DEBUG: Crawled (200) <GET https://www.bbc.com/news/health-24329901> (referer: https://www.bbc.com/news/health-27894551)
2019-06-06 02:18:30 [scrapy.core.engine] DEBUG: Crawled (200) <GET https://www.bbc.com/news/health-25981936> (referer: https://www.bbc.com/news/health-27894551)
2019-06-06 02:18:30 [scrapy.core.engine] DEBUG: Crawled (200) <GET https://www.bbc.com/news/health-26299423> (referer: https://www.bbc.com/news/health-27894551)
2019-06-06 02:18:30 [scrapy.downloadermiddlewares.robotstxt] DEBUG: Forbidden by robots.txt: <GET https://account.bbc.com/account?ptrt=https://www.bbc.com/news/health-22002455>
2019-06-06 02:18:30 [scrapy.downloadermiddlewares.robotstxt] DEBUG: Forbidden by robots.txt: <GET https://account.bbc.com/account?ptrt=https://www.bbc.com/news/health-21040256>
2019-06-06 02:18:30 [scrapy.downloadermiddlewares.robotstxt] DEBUG: Forbidden by robots.txt: <GET https://account.bbc.com/account?ptrt=https://www.bbc.com/news/health-34905801>
2019-06-06 02:18:30 [scrapy.downloadermiddlewares.robotstxt] DEBUG: Forbidden by robots.txt: <GET https://account.bbc.com/account?ptrt=https://www.bbc.com/news/health-34879194>
2019-06-06 02:18:30 [scrapy.downloadermiddlewares.robotstxt] DEBUG: Forbidden by robots.txt: <GET https://account.bbc.com/account?ptrt=https://www.bbc.com/news/health-34484197>
2019-06-06 02:18:30 [scrapy.core.engine] DEBUG: Crawled (200) <GET https://www.bbc.com/news/health-26821070> (referer: https://www.bbc.com/news/health-27894551)
2019-06-06 02:18:31 [scrapy.core.engine] DEBUG: Crawled (200) <GET https://www.bbc.com/news/health-35062121> (referer: https://www.bbc.com/news/health-36341235)
2019-06-06 02:18:31 [scrapy.core.engine] DEBUG: Crawled (200) <GET https://www.bbc.com/news/health-35653455> (referer: https://www.bbc.com/news/health-36341235)
2019-06-06 02:18:31 [scrapy.core.engine] DEBUG: Crawled (200) <GET https://www.bbc.com/news/health-35815332> (referer: https://www.bbc.com/news/health-36341235)
2019-06-06 02:18:31 [scrapy.core.engine] DEBUG: Crawled (200) <GET https://www.bbc.com/news/health-18584968> (referer: https://www.bbc.com/news/health-19789397)
2019-06-06 02:18:31 [scrapy.core.engine] DEBUG: Crawled (200) <GET https://www.bbc.com/news/health-19729970> (referer: https://www.bbc.com/news/health-19789397)
2019-06-06 02:18:31 [scrapy.core.engine] DEBUG: Crawled (200) <GET https://www.bbc.com/news/health-34905801/comments> (referer: https://www.bbc.com/news/health-34905801)
2019-06-06 02:18:31 [scrapy.downloadermiddlewares.robotstxt] DEBUG: Forbidden by robots.txt: <GET https://account.bbc.com/account?ptrt=https://www.bbc.com/news/health-18624840>
2019-06-06 02:18:31 [scrapy.downloadermiddlewares.robotstxt] DEBUG: Forbidden by robots.txt: <GET https://account.bbc.com/account?ptrt=https://www.bbc.com/news/health-18924648>
2019-06-06 02:18:31 [scrapy.downloadermiddlewares.robotstxt] DEBUG: Forbidden by robots.txt: <GET https://account.bbc.com/account?ptrt=https://www.bbc.com/news/health-19409154>
2019-06-06 02:18:31 [scrapy.downloadermiddlewares.robotstxt] DEBUG: Forbidden by robots.txt: <GET https://account.bbc.com/account?ptrt=https://www.bbc.com/news/health-15272081>
2019-06-06 02:18:31 [scrapy.downloadermiddlewares.robotstxt] DEBUG: Forbidden by robots.txt: <GET https://account.bbc.com/account?ptrt=https://www.bbc.com/news/health-15922568>
2019-06-06 02:18:31 [scrapy.downloadermiddlewares.robotstxt] DEBUG: Forbidden by robots.txt: <GET https://account.bbc.com/account?ptrt=https://www.bbc.com/news/health-15446912>
2019-06-06 02:18:31 [scrapy.downloadermiddlewares.robotstxt] DEBUG: Forbidden by robots.txt: <GET https://account.bbc.com/account?ptrt=https://www.bbc.com/news/health-15946803>
2019-06-06 02:18:31 [scrapy.downloadermiddlewares.robotstxt] DEBUG: Forbidden by robots.txt: <GET https://account.bbc.com/account?ptrt=https://www.bbc.com/news/health-12338325>
2019-06-06 02:18:31 [scrapy.core.engine] DEBUG: Crawled (200) <GET https://www.bbc.com/news/health-34353408> (referer: https://www.bbc.com/news/health-34484197)
2019-06-06 02:18:31 [scrapy.downloadermiddlewares.robotstxt] DEBUG: Forbidden by robots.txt: <GET https://account.bbc.com/account?ptrt=https://www.bbc.com/news/health-28189074>
2019-06-06 02:18:31 [scrapy.downloadermiddlewares.robotstxt] DEBUG: Forbidden by robots.txt: <GET https://account.bbc.com/account?ptrt=https://www.bbc.com/news/health-28079720>
2019-06-06 02:18:31 [scrapy.core.engine] DEBUG: Crawled (200) <GET https://www.bbc.com/news/health-11763681> (referer: https://www.bbc.com/news/health-15272081)
2019-06-06 02:18:31 [scrapy.core.engine] DEBUG: Crawled (200) <GET https://www.bbc.com/news/health-14247706> (referer: https://www.bbc.com/news/health-15272081)
2019-06-06 02:18:31 [scrapy.core.engine] DEBUG: Crawled (200) <GET https://www.bbc.com/news/health-15181015> (referer: https://www.bbc.com/news/health-15272081)
2019-06-06 02:18:31 [scrapy.core.engine] DEBUG: Crawled (200) <GET https://www.bbc.com/news/health-11838218> (referer: https://www.bbc.com/news/health-15922568)
2019-06-06 02:18:31 [scrapy.core.engine] DEBUG: Crawled (200) <GET https://www.bbc.com/news/health-11880431> (referer: https://www.bbc.com/news/health-15922568)
2019-06-06 02:18:31 [scrapy.core.engine] DEBUG: Crawled (200) <GET https://www.bbc.com/news/health-13605224> (referer: https://www.bbc.com/news/health-15946803)
2019-06-06 02:18:31 [scrapy.downloadermiddlewares.robotstxt] DEBUG: Forbidden by robots.txt: <GET https://account.bbc.com/account?ptrt=https://www.bbc.com/news/health-26821070>
2019-06-06 02:18:31 [scrapy.downloadermiddlewares.robotstxt] DEBUG: Forbidden by robots.txt: <GET https://account.bbc.com/account?ptrt=https://www.bbc.com/news/health-26299423>
2019-06-06 02:18:32 [scrapy.core.engine] DEBUG: Crawled (200) <GET https://www.bbc.com/news/health-10956490> (referer: https://www.bbc.com/news/health-12338325)
2019-06-06 02:18:32 [scrapy.core.engine] DEBUG: Crawled (200) <GET https://www.bbc.com/news/health-28189074/comments> (referer: https://www.bbc.com/news/health-28189074)
2019-06-06 02:18:32 [scrapy.core.engine] DEBUG: Crawled (200) <GET https://www.bbc.com/news/health-28077586> (referer: https://www.bbc.com/news/health-28079720)
2019-06-06 02:18:32 [scrapy.core.engine] DEBUG: Crawled (200) <GET https://www.bbc.com/news/health-21373985> (referer: https://www.bbc.com/news/health-26821070)
2019-06-06 02:18:32 [scrapy.core.engine] DEBUG: Crawled (200) <GET https://www.bbc.com/news/health-21668229> (referer: https://www.bbc.com/news/health-26821070)
2019-06-06 02:18:32 [scrapy.core.engine] DEBUG: Crawled (200) <GET https://www.bbc.com/news/health-22616539> (referer: https://www.bbc.com/news/health-26821070)
2019-06-06 02:18:32 [scrapy.core.engine] DEBUG: Crawled (200) <GET https://www.bbc.com/news/health-22607989> (referer: https://www.bbc.com/news/health-26821070)
2019-06-06 02:18:32 [scrapy.downloadermiddlewares.robotstxt] DEBUG: Forbidden by robots.txt: <GET https://account.bbc.com/account?ptrt=https://www.bbc.com/news/health-19729970>
2019-06-06 02:18:32 [scrapy.downloadermiddlewares.robotstxt] DEBUG: Forbidden by robots.txt: <GET https://account.bbc.com/account?ptrt=https://www.bbc.com/news/health-18584968>
2019-06-06 02:18:32 [scrapy.downloadermiddlewares.robotstxt] DEBUG: Forbidden by robots.txt: <GET https://account.bbc.com/account?ptrt=https://www.bbc.com/news/health-35815332>
2019-06-06 02:18:32 [scrapy.downloadermiddlewares.robotstxt] DEBUG: Forbidden by robots.txt: <GET https://account.bbc.com/account?ptrt=https://www.bbc.com/news/health-35653455>
2019-06-06 02:18:32 [scrapy.downloadermiddlewares.robotstxt] DEBUG: Forbidden by robots.txt: <GET https://account.bbc.com/account?ptrt=https://www.bbc.com/news/health-35062121>
2019-06-06 02:18:32 [scrapy.downloadermiddlewares.robotstxt] DEBUG: Forbidden by robots.txt: <GET https://account.bbc.com/account?ptrt=https://www.bbc.com/news/health-25981936>
2019-06-06 02:18:32 [scrapy.downloadermiddlewares.robotstxt] DEBUG: Forbidden by robots.txt: <GET https://account.bbc.com/account?ptrt=https://www.bbc.com/news/health-24329901>
2019-06-06 02:18:32 [scrapy.downloadermiddlewares.robotstxt] DEBUG: Forbidden by robots.txt: <GET https://account.bbc.com/account?ptrt=https://www.bbc.com/news/health-28235850>
2019-06-06 02:18:32 [scrapy.core.engine] DEBUG: Crawled (200) <GET https://www.bbc.com/news/health-24635890> (referer: https://www.bbc.com/news/health-26821070)
2019-06-06 02:18:32 [scrapy.core.engine] DEBUG: Crawled (200) <GET https://www.bbc.com/news/health-26821064> (referer: https://www.bbc.com/news/health-26821070)
2019-06-06 02:18:32 [scrapy.core.engine] DEBUG: Crawled (200) <GET https://www.bbc.com/news/health-23753969> (referer: https://www.bbc.com/news/health-26299423)
2019-06-06 02:18:32 [scrapy.core.engine] DEBUG: Crawled (200) <GET https://www.bbc.com/news/health-24142618> (referer: https://www.bbc.com/news/health-26299423)
2019-06-06 02:18:32 [scrapy.core.engine] DEBUG: Crawled (200) <GET https://www.bbc.com/news/health-25274287> (referer: https://www.bbc.com/news/health-26299423)
2019-06-06 02:18:32 [scrapy.core.engine] DEBUG: Crawled (200) <GET https://www.bbc.com/news/health-25857736> (referer: https://www.bbc.com/news/health-25981936)
2019-06-06 02:18:32 [scrapy.downloadermiddlewares.robotstxt] DEBUG: Forbidden by robots.txt: <GET https://account.bbc.com/account?ptrt=https://www.bbc.com/news/health-13605224>
2019-06-06 02:18:32 [scrapy.downloadermiddlewares.robotstxt] DEBUG: Forbidden by robots.txt: <GET https://account.bbc.com/account?ptrt=https://www.bbc.com/news/health-11880431>
2019-06-06 02:18:32 [scrapy.downloadermiddlewares.robotstxt] DEBUG: Forbidden by robots.txt: <GET https://account.bbc.com/account?ptrt=https://www.bbc.com/news/health-11838218>
2019-06-06 02:18:32 [scrapy.downloadermiddlewares.robotstxt] DEBUG: Forbidden by robots.txt: <GET https://account.bbc.com/account?ptrt=https://www.bbc.com/news/health-15181015>
2019-06-06 02:18:32 [scrapy.downloadermiddlewares.robotstxt] DEBUG: Forbidden by robots.txt: <GET https://account.bbc.com/account?ptrt=https://www.bbc.com/news/health-14247706>
2019-06-06 02:18:32 [scrapy.downloadermiddlewares.robotstxt] DEBUG: Forbidden by robots.txt: <GET https://account.bbc.com/account?ptrt=https://www.bbc.com/news/health-11763681>
2019-06-06 02:18:32 [scrapy.downloadermiddlewares.robotstxt] DEBUG: Forbidden by robots.txt: <GET https://account.bbc.com/account?ptrt=https://www.bbc.com/news/health-34353408>
2019-06-06 02:18:32 [scrapy.core.engine] DEBUG: Crawled (200) <GET https://www.bbc.com/news/health-14993000> (referer: https://www.bbc.com/news/health-25981936)
2019-06-06 02:18:32 [scrapy.downloadermiddlewares.robotstxt] DEBUG: Forbidden by robots.txt: <GET https://account.bbc.com/account?ptrt=https://www.bbc.com/news/health-22607989>
2019-06-06 02:18:32 [scrapy.downloadermiddlewares.robotstxt] DEBUG: Forbidden by robots.txt: <GET https://account.bbc.com/account?ptrt=https://www.bbc.com/news/health-22616539>
2019-06-06 02:18:32 [scrapy.downloadermiddlewares.robotstxt] DEBUG: Forbidden by robots.txt: <GET https://account.bbc.com/account?ptrt=https://www.bbc.com/news/health-21668229>
2019-06-06 02:18:32 [scrapy.downloadermiddlewares.robotstxt] DEBUG: Forbidden by robots.txt: <GET https://account.bbc.com/account?ptrt=https://www.bbc.com/news/health-21373985>
2019-06-06 02:18:32 [scrapy.core.engine] DEBUG: Crawled (200) <GET https://www.bbc.com/news/health-35608992> (referer: https://www.bbc.com/news/health-35815332)
2019-06-06 02:18:32 [scrapy.core.engine] DEBUG: Crawled (200) <GET https://www.bbc.com/news/health-19728383> (referer: https://www.bbc.com/news/health-19729970)
2019-06-06 02:18:32 [scrapy.core.engine] DEBUG: Crawled (200) <GET https://www.bbc.com/news/health-18594046> (referer: https://www.bbc.com/news/health-18584968)
2019-06-06 02:18:32 [scrapy.core.engine] DEBUG: Crawled (200) <GET https://www.bbc.com/news/health-35596991> (referer: https://www.bbc.com/news/health-35815332)
2019-06-06 02:18:33 [scrapy.downloadermiddlewares.robotstxt] DEBUG: Forbidden by robots.txt: <GET https://account.bbc.com/account?ptrt=https://www.bbc.com/news/health-28077586>
2019-06-06 02:18:33 [scrapy.downloadermiddlewares.robotstxt] DEBUG: Forbidden by robots.txt: <GET https://account.bbc.com/account?ptrt=https://www.bbc.com/news/health-10956490>
2019-06-06 02:18:33 [scrapy.core.engine] DEBUG: Crawled (200) <GET https://www.bbc.com/news/health-35653455/comments> (referer: https://www.bbc.com/news/health-35653455)
2019-06-06 02:18:33 [scrapy.core.engine] DEBUG: Crawled (200) <GET https://www.bbc.com/news/health-27682371> (referer: https://www.bbc.com/news/health-27894551)
2019-06-06 02:18:33 [scrapy.downloadermiddlewares.robotstxt] DEBUG: Forbidden by robots.txt: <GET https://account.bbc.com/account?ptrt=https://www.bbc.com/news/health-25857736>
2019-06-06 02:18:33 [scrapy.downloadermiddlewares.robotstxt] DEBUG: Forbidden by robots.txt: <GET https://account.bbc.com/account?ptrt=https://www.bbc.com/news/health-25274287>
2019-06-06 02:18:33 [scrapy.core.engine] DEBUG: Crawled (200) <GET https://www.bbc.com/news/health-13444452> (referer: https://www.bbc.com/news/health-13605224)
2019-06-06 02:18:33 [scrapy.core.engine] DEBUG: Crawled (200) <GET https://www.bbc.com/news/health-11819901> (referer: https://www.bbc.com/news/health-13605224)
2019-06-06 02:18:33 [scrapy.core.engine] DEBUG: Crawled (200) <GET https://www.bbc.com/news/health-11494659> (referer: https://www.bbc.com/news/health-11880431)
2019-06-06 02:18:33 [scrapy.core.engine] DEBUG: Crawled (200) <GET https://www.bbc.com/news/health-15017664> (referer: https://www.bbc.com/news/health-15181015)
2019-06-06 02:18:33 [scrapy.downloadermiddlewares.robotstxt] DEBUG: Forbidden by robots.txt: <GET https://account.bbc.com/account?ptrt=https://www.bbc.com/news/health-24142618>
2019-06-06 02:18:33 [scrapy.core.engine] DEBUG: Crawled (200) <GET https://www.bbc.com/news/health-13279779> (referer: https://www.bbc.com/news/health-14247706)
2019-06-06 02:18:33 [scrapy.core.engine] DEBUG: Crawled (200) <GET https://www.bbc.com/news/health-11518539> (referer: https://www.bbc.com/news/health-11763681)
2019-06-06 02:18:33 [scrapy.downloadermiddlewares.robotstxt] DEBUG: Forbidden by robots.txt: <GET https://account.bbc.com/account?ptrt=https://www.bbc.com/news/health-35596991>
2019-06-06 02:18:33 [scrapy.downloadermiddlewares.robotstxt] DEBUG: Forbidden by robots.txt: <GET https://account.bbc.com/account?ptrt=https://www.bbc.com/news/health-18594046>
2019-06-06 02:18:33 [scrapy.core.engine] DEBUG: Crawled (200) <GET https://www.bbc.com/news/health-21338067> (referer: https://www.bbc.com/news/health-21373985)
2019-06-06 02:18:33 [scrapy.core.engine] DEBUG: Crawled (200) <GET https://www.bbc.com/news/health-27642745> (referer: https://www.bbc.com/news/health-28077586)
2019-06-06 02:18:33 [scrapy.core.engine] DEBUG: Crawled (200) <GET https://www.bbc.com/news/health-27194824> (referer: https://www.bbc.com/news/health-28077586)
2019-06-06 02:18:33 [scrapy.core.engine] DEBUG: Crawled (200) <GET https://www.bbc.com/news/health-23808681> (referer: https://www.bbc.com/news/health-25274287)
2019-06-06 02:18:33 [scrapy.downloadermiddlewares.robotstxt] DEBUG: Forbidden by robots.txt: <GET https://account.bbc.com/account?ptrt=https://www.bbc.com/news/health-19728383>
2019-06-06 02:18:33 [scrapy.downloadermiddlewares.robotstxt] DEBUG: Forbidden by robots.txt: <GET https://account.bbc.com/account?ptrt=https://www.bbc.com/news/health-35608992>
2019-06-06 02:18:33 [scrapy.core.engine] DEBUG: Crawled (200) <GET https://www.bbc.com/news/health-24957089> (referer: https://www.bbc.com/news/health-25274287)
2019-06-06 02:18:33 [scrapy.core.engine] DEBUG: Crawled (200) <GET https://www.bbc.com/news/health-25117991> (referer: https://www.bbc.com/news/health-25274287)
2019-06-06 02:18:33 [scrapy.core.engine] DEBUG: Crawled (200) <GET https://www.bbc.com/news/health-19729970/comments> (referer: https://www.bbc.com/news/health-19729970)
2019-06-06 02:18:33 [scrapy.downloadermiddlewares.robotstxt] DEBUG: Forbidden by robots.txt: <GET https://account.bbc.com/account?ptrt=https://www.bbc.com/news/health-15017664>
2019-06-06 02:18:33 [scrapy.downloadermiddlewares.robotstxt] DEBUG: Forbidden by robots.txt: <GET https://account.bbc.com/account?ptrt=https://www.bbc.com/news/health-11494659>
2019-06-06 02:18:33 [scrapy.downloadermiddlewares.robotstxt] DEBUG: Forbidden by robots.txt: <GET https://account.bbc.com/account?ptrt=https://www.bbc.com/news/health-11819901>
2019-06-06 02:18:33 [scrapy.downloadermiddlewares.robotstxt] DEBUG: Forbidden by robots.txt: <GET https://account.bbc.com/account?ptrt=https://www.bbc.com/news/health-13444452>
2019-06-06 02:18:33 [scrapy.core.engine] DEBUG: Crawled (200) <GET https://www.bbc.com/news/health-21341766> (referer: https://www.bbc.com/news/health-24142618)
2019-06-06 02:18:33 [scrapy.core.engine] DEBUG: Crawled (200) <GET https://www.bbc.com/news/health-23309720> (referer: https://www.bbc.com/news/health-24142618)
2019-06-06 02:18:33 [scrapy.core.engine] DEBUG: Crawled (200) <GET https://www.bbc.com/news/health-23321364> (referer: https://www.bbc.com/news/health-24142618)
2019-06-06 02:18:34 [scrapy.core.engine] DEBUG: Crawled (200) <GET https://www.bbc.com/news/health-23315869> (referer: https://www.bbc.com/news/health-24142618)
2019-06-06 02:18:34 [scrapy.downloadermiddlewares.robotstxt] DEBUG: Forbidden by robots.txt: <GET https://account.bbc.com/account?ptrt=https://www.bbc.com/news/health-27682371>
2019-06-06 02:18:34 [scrapy.downloadermiddlewares.robotstxt] DEBUG: Forbidden by robots.txt: <GET https://account.bbc.com/account?ptrt=https://www.bbc.com/news/health-14993000>
2019-06-06 02:18:34 [scrapy.downloadermiddlewares.robotstxt] DEBUG: Forbidden by robots.txt: <GET https://account.bbc.com/account?ptrt=https://www.bbc.com/news/health-23753969>
2019-06-06 02:18:34 [scrapy.downloadermiddlewares.robotstxt] DEBUG: Forbidden by robots.txt: <GET https://account.bbc.com/account?ptrt=https://www.bbc.com/news/health-26821064>
2019-06-06 02:18:34 [scrapy.downloadermiddlewares.robotstxt] DEBUG: Forbidden by robots.txt: <GET https://account.bbc.com/account?ptrt=https://www.bbc.com/news/health-24635890>
2019-06-06 02:18:34 [scrapy.core.engine] DEBUG: Crawled (200) <GET https://www.bbc.com/news/health-24124526> (referer: https://www.bbc.com/news/health-24142618)
2019-06-06 02:18:34 [scrapy.core.engine] DEBUG: Crawled (200) <GET https://www.bbc.com/news/health-21690003> (referer: https://www.bbc.com/news/health-23753969)
2019-06-06 02:18:34 [scrapy.core.engine] DEBUG: Crawled (200) <GET https://www.bbc.com/news/health-19729969> (referer: https://www.bbc.com/news/health-19728383)
2019-06-06 02:18:34 [scrapy.downloadermiddlewares.robotstxt] DEBUG: Forbidden by robots.txt: <GET https://account.bbc.com/account?ptrt=https://www.bbc.com/news/health-23808681>
2019-06-06 02:18:34 [scrapy.downloadermiddlewares.robotstxt] DEBUG: Forbidden by robots.txt: <GET https://account.bbc.com/account?ptrt=https://www.bbc.com/news/health-27194824>
2019-06-06 02:18:34 [scrapy.core.engine] DEBUG: Crawled (200) <GET https://www.bbc.com/news/health-19712885> (referer: https://www.bbc.com/news/health-19728383)
2019-06-06 02:18:34 [scrapy.core.engine] DEBUG: Crawled (200) <GET https://www.bbc.com/news/health-19674838> (referer: https://www.bbc.com/news/health-19728383)
2019-06-06 02:18:34 [scrapy.core.engine] DEBUG: Crawled (200) <GET https://www.bbc.com/news/health-19721977> (referer: https://www.bbc.com/news/health-19728383)
2019-06-06 02:18:34 [scrapy.core.engine] DEBUG: Crawled (200) <GET https://www.bbc.com/news/health-19743032> (referer: https://www.bbc.com/news/health-19728383)
2019-06-06 02:18:34 [scrapy.downloadermiddlewares.robotstxt] DEBUG: Forbidden by robots.txt: <GET https://account.bbc.com/account?ptrt=https://www.bbc.com/news/health-27642745>
2019-06-06 02:18:34 [scrapy.core.engine] DEBUG: Crawled (200) <GET https://www.bbc.com/news/health-11802648> (referer: https://www.bbc.com/news/health-14993000)
2019-06-06 02:18:34 [scrapy.core.engine] DEBUG: Crawled (200) <GET https://www.bbc.com/news/health-13214036> (referer: https://www.bbc.com/news/health-15017664)
2019-06-06 02:18:34 [scrapy.core.engine] DEBUG: Crawled (200) <GET https://www.bbc.com/news/health-11517680> (referer: https://www.bbc.com/news/health-15017664)
2019-06-06 02:18:34 [scrapy.downloadermiddlewares.robotstxt] DEBUG: Forbidden by robots.txt: <GET https://account.bbc.com/account?ptrt=https://www.bbc.com/news/health-23315869>
2019-06-06 02:18:34 [scrapy.core.engine] DEBUG: Crawled (200) <GET https://www.bbc.com/news/health-27682371/comments> (referer: https://www.bbc.com/news/health-27682371)
2019-06-06 02:18:34 [scrapy.core.engine] DEBUG: Crawled (200) <GET https://www.bbc.com/news/health-22844227> (referer: https://www.bbc.com/news/health-23753969)
2019-06-06 02:18:34 [scrapy.core.engine] DEBUG: Crawled (200) <GET https://www.bbc.com/news/health-26821064/comments> (referer: https://www.bbc.com/news/health-26821064)
2019-06-06 02:18:34 [scrapy.core.engine] DEBUG: Crawled (200) <GET https://www.bbc.com/news/health-22644398> (referer: https://www.bbc.com/news/health-23808681)
2019-06-06 02:18:34 [scrapy.downloadermiddlewares.robotstxt] DEBUG: Forbidden by robots.txt: <GET https://account.bbc.com/account?ptrt=https://www.bbc.com/news/health-23321364>
2019-06-06 02:18:34 [scrapy.downloadermiddlewares.robotstxt] DEBUG: Forbidden by robots.txt: <GET https://account.bbc.com/account?ptrt=https://www.bbc.com/news/health-23309720>
2019-06-06 02:18:34 [scrapy.downloadermiddlewares.robotstxt] DEBUG: Forbidden by robots.txt: <GET https://account.bbc.com/account?ptrt=https://www.bbc.com/news/health-21341766>
2019-06-06 02:18:34 [scrapy.downloadermiddlewares.robotstxt] DEBUG: Forbidden by robots.txt: <GET https://account.bbc.com/account?ptrt=https://www.bbc.com/news/health-25117991>
2019-06-06 02:18:35 [scrapy.core.engine] DEBUG: Crawled (200) <GET https://www.bbc.com/news/health-22629703> (referer: https://www.bbc.com/news/health-23808681)
2019-06-06 02:18:35 [scrapy.core.engine] DEBUG: Crawled (200) <GET https://www.bbc.com/news/health-22600011> (referer: https://www.bbc.com/news/health-23808681)
2019-06-06 02:18:35 [scrapy.core.engine] DEBUG: Crawled (200) <GET https://www.bbc.com/news/health-27194824/comments> (referer: https://www.bbc.com/news/health-27194824)
2019-06-06 02:18:35 [scrapy.downloadermiddlewares.robotstxt] DEBUG: Forbidden by robots.txt: <GET https://account.bbc.com/account?ptrt=https://www.bbc.com/news/health-19743032>
2019-06-06 02:18:35 [scrapy.downloadermiddlewares.robotstxt] DEBUG: Forbidden by robots.txt: <GET https://account.bbc.com/account?ptrt=https://www.bbc.com/news/health-19721977>
2019-06-06 02:18:35 [scrapy.downloadermiddlewares.robotstxt] DEBUG: Forbidden by robots.txt: <GET https://account.bbc.com/account?ptrt=https://www.bbc.com/news/health-19674838>
2019-06-06 02:18:35 [scrapy.downloadermiddlewares.robotstxt] DEBUG: Forbidden by robots.txt: <GET https://account.bbc.com/account?ptrt=https://www.bbc.com/news/health-19712885>
2019-06-06 02:18:35 [scrapy.downloadermiddlewares.robotstxt] DEBUG: Forbidden by robots.txt: <GET https://account.bbc.com/account?ptrt=https://www.bbc.com/news/health-19729969>
2019-06-06 02:18:35 [scrapy.core.engine] DEBUG: Crawled (200) <GET https://www.bbc.com/news/health-25845106> (referer: https://www.bbc.com/news/health-27642745)
2019-06-06 02:18:35 [scrapy.core.engine] DEBUG: Crawled (200) <GET https://www.bbc.com/news/health-20427441> (referer: https://www.bbc.com/news/health-21338067)
2019-06-06 02:18:35 [scrapy.core.engine] DEBUG: Crawled (200) <GET https://www.bbc.com/news/health-20898401> (referer: https://www.bbc.com/news/health-21338067)
2019-06-06 02:18:35 [scrapy.core.engine] DEBUG: Crawled (200) <GET https://www.bbc.com/news/health-20222283> (referer: https://www.bbc.com/news/health-21338067)
2019-06-06 02:18:35 [scrapy.core.engine] DEBUG: Crawled (200) <GET https://www.bbc.com/news/health-25055444> (referer: https://www.bbc.com/news/health-25981936)
2019-06-06 02:18:35 [scrapy.downloadermiddlewares.robotstxt] DEBUG: Forbidden by robots.txt: <GET https://account.bbc.com/account?ptrt=https://www.bbc.com/news/health-21690003>
2019-06-06 02:18:35 [scrapy.core.engine] DEBUG: Crawled (200) <GET https://www.bbc.com/news/health-21323871> (referer: https://www.bbc.com/news/health-21338067)
2019-06-06 02:18:35 [scrapy.core.engine] DEBUG: Crawled (200) <GET https://www.bbc.com/news/health-23326410> (referer: https://www.bbc.com/news/health-23315869)
2019-06-06 02:18:35 [scrapy.core.engine] DEBUG: Crawled (200) <GET https://www.bbc.com/news/health-23325766> (referer: https://www.bbc.com/news/health-23315869)
2019-06-06 02:18:35 [scrapy.core.engine] DEBUG: Crawled (200) <GET https://www.bbc.com/news/health-23315870> (referer: https://www.bbc.com/news/health-23321364)
2019-06-06 02:18:35 [scrapy.core.engine] DEBUG: Crawled (200) <GET https://www.bbc.com/news/health-22080650> (referer: https://www.bbc.com/news/health-23309720)
2019-06-06 02:18:35 [scrapy.core.engine] DEBUG: Crawled (200) <GET https://www.bbc.com/news/health-21341766/comments> (referer: https://www.bbc.com/news/health-21341766)
2019-06-06 02:18:35 [scrapy.core.engine] DEBUG: Crawled (200) <GET https://www.bbc.com/news/health-20956179> (referer: https://www.bbc.com/news/health-24957089)
2019-06-06 02:18:35 [scrapy.core.engine] DEBUG: Crawled (200) <GET https://www.bbc.com/news/health-17740690> (referer: https://www.bbc.com/news/health-24957089)
2019-06-06 02:18:35 [scrapy.downloadermiddlewares.robotstxt] DEBUG: Forbidden by robots.txt: <GET https://account.bbc.com/account?ptrt=https://www.bbc.com/news/health-22644398>
2019-06-06 02:18:35 [scrapy.downloadermiddlewares.robotstxt] DEBUG: Forbidden by robots.txt: <GET https://account.bbc.com/account?ptrt=https://www.bbc.com/news/health-22844227>
2019-06-06 02:18:35 [scrapy.downloadermiddlewares.robotstxt] DEBUG: Forbidden by robots.txt: <GET https://account.bbc.com/account?ptrt=https://www.bbc.com/news/health-11517680>
2019-06-06 02:18:35 [scrapy.downloadermiddlewares.robotstxt] DEBUG: Forbidden by robots.txt: <GET https://account.bbc.com/account?ptrt=https://www.bbc.com/news/health-13214036>
2019-06-06 02:18:35 [scrapy.downloadermiddlewares.robotstxt] DEBUG: Forbidden by robots.txt: <GET https://account.bbc.com/account?ptrt=https://www.bbc.com/news/health-11802648>
2019-06-06 02:18:35 [scrapy.downloadermiddlewares.robotstxt] DEBUG: Forbidden by robots.txt: <GET https://account.bbc.com/account?ptrt=https://www.bbc.com/news/health-24124526>
2019-06-06 02:18:35 [scrapy.downloadermiddlewares.robotstxt] DEBUG: Forbidden by robots.txt: <GET https://account.bbc.com/account?ptrt=https://www.bbc.com/news/health-24957089>
2019-06-06 02:18:36 [scrapy.core.engine] DEBUG: Crawled (200) <GET https://www.bbc.com/news/health-17604351> (referer: https://www.bbc.com/news/health-19712885)
2019-06-06 02:18:36 [scrapy.core.engine] DEBUG: Crawled (200) <GET https://www.bbc.com/news/health-21654536> (referer: https://www.bbc.com/news/health-21690003)
2019-06-06 02:18:36 [scrapy.core.engine] DEBUG: Crawled (200) <GET https://www.bbc.com/news/health-21690003/comments> (referer: https://www.bbc.com/news/health-21690003)
2019-06-06 02:18:36 [scrapy.core.engine] DEBUG: Crawled (200) <GET https://www.bbc.com/news/health-17436928> (referer: https://www.bbc.com/news/health-24124526)
2019-06-06 02:18:36 [scrapy.core.engine] DEBUG: Crawled (200) <GET https://www.bbc.com/news/health-22206878> (referer: https://www.bbc.com/news/health-24124526)
2019-06-06 02:18:36 [scrapy.core.engine] DEBUG: Crawled (200) <GET https://www.bbc.com/news/health-22209634> (referer: https://www.bbc.com/news/health-24124526)
2019-06-06 02:18:36 [scrapy.core.engine] DEBUG: Crawled (200) <GET https://www.bbc.com/news/health-22502545> (referer: https://www.bbc.com/news/health-24124526)
2019-06-06 02:18:36 [scrapy.core.engine] DEBUG: Crawled (200) <GET https://www.bbc.com/news/health-22481151> (referer: https://www.bbc.com/news/health-24124526)
2019-06-06 02:18:36 [scrapy.downloadermiddlewares.robotstxt] DEBUG: Forbidden by robots.txt: <GET https://account.bbc.com/account?ptrt=https://www.bbc.com/news/health-25055444>
2019-06-06 02:18:36 [scrapy.downloadermiddlewares.robotstxt] DEBUG: Forbidden by robots.txt: <GET https://account.bbc.com/account?ptrt=https://www.bbc.com/news/health-20222283>
2019-06-06 02:18:36 [scrapy.core.engine] DEBUG: Crawled (200) <GET https://www.bbc.com/news/health-21963297> (referer: https://www.bbc.com/news/health-22644398)
2019-06-06 02:18:36 [scrapy.core.engine] DEBUG: Crawled (200) <GET https://www.bbc.com/news/health-22350814> (referer: https://www.bbc.com/news/health-22644398)
2019-06-06 02:18:36 [scrapy.core.engine] DEBUG: Crawled (200) <GET https://www.bbc.com/news/health-22370621> (referer: https://www.bbc.com/news/health-22644398)
2019-06-06 02:18:36 [scrapy.downloadermiddlewares.robotstxt] DEBUG: Forbidden by robots.txt: <GET https://account.bbc.com/account?ptrt=https://www.bbc.com/news/health-17740690>
2019-06-06 02:18:36 [scrapy.downloadermiddlewares.robotstxt] DEBUG: Forbidden by robots.txt: <GET https://account.bbc.com/account?ptrt=https://www.bbc.com/news/health-20956179>
2019-06-06 02:18:36 [scrapy.downloadermiddlewares.robotstxt] DEBUG: Forbidden by robots.txt: <GET https://account.bbc.com/account?ptrt=https://www.bbc.com/news/health-22080650>
2019-06-06 02:18:36 [scrapy.downloadermiddlewares.robotstxt] DEBUG: Forbidden by robots.txt: <GET https://account.bbc.com/account?ptrt=https://www.bbc.com/news/health-23315870>
2019-06-06 02:18:36 [scrapy.downloadermiddlewares.robotstxt] DEBUG: Forbidden by robots.txt: <GET https://account.bbc.com/account?ptrt=https://www.bbc.com/news/health-23325766>
2019-06-06 02:18:36 [scrapy.downloadermiddlewares.robotstxt] DEBUG: Forbidden by robots.txt: <GET https://account.bbc.com/account?ptrt=https://www.bbc.com/news/health-23326410>
2019-06-06 02:18:36 [scrapy.downloadermiddlewares.robotstxt] DEBUG: Forbidden by robots.txt: <GET https://account.bbc.com/account?ptrt=https://www.bbc.com/news/health-21323871>
2019-06-06 02:18:36 [scrapy.core.engine] DEBUG: Crawled (200) <GET https://www.bbc.com/news/health-22844227/comments> (referer: https://www.bbc.com/news/health-22844227)
2019-06-06 02:18:36 [scrapy.core.engine] DEBUG: Crawled (200) <GET https://www.bbc.com/news/health-24142611> (referer: https://www.bbc.com/news/health-24124526)
2019-06-06 02:18:36 [scrapy.core.engine] DEBUG: Crawled (200) <GET https://www.bbc.com/news/health-21603235> (referer: https://www.bbc.com/news/health-24957089)
2019-06-06 02:18:36 [scrapy.core.engine] DEBUG: Crawled (200) <GET https://www.bbc.com/news/health-21244190> (referer: https://www.bbc.com/news/health-21338067)
2019-06-06 02:18:37 [scrapy.downloadermiddlewares.robotstxt] DEBUG: Forbidden by robots.txt: <GET https://account.bbc.com/account?ptrt=https://www.bbc.com/news/health-20898401>
2019-06-06 02:18:37 [scrapy.downloadermiddlewares.robotstxt] DEBUG: Forbidden by robots.txt: <GET https://account.bbc.com/account?ptrt=https://www.bbc.com/news/health-20427441>
2019-06-06 02:18:37 [scrapy.core.engine] DEBUG: Crawled (200) <GET https://www.bbc.com/news/health-30417392> (referer: https://www.bbc.com/news/health-25055444)
2019-06-06 02:18:37 [scrapy.core.engine] DEBUG: Crawled (200) <GET https://www.bbc.com/news/health-30038808> (referer: https://www.bbc.com/news/health-25055444)
2019-06-06 02:18:37 [scrapy.core.engine] DEBUG: Crawled (200) <GET https://www.bbc.com/news/health-30414705> (referer: https://www.bbc.com/news/health-25055444)
2019-06-06 02:18:37 [scrapy.downloadermiddlewares.robotstxt] DEBUG: Forbidden by robots.txt: <GET https://account.bbc.com/account?ptrt=https://www.bbc.com/news/health-22481151>
2019-06-06 02:18:37 [scrapy.downloadermiddlewares.robotstxt] DEBUG: Forbidden by robots.txt: <GET https://account.bbc.com/account?ptrt=https://www.bbc.com/news/health-22502545>
2019-06-06 02:18:37 [scrapy.core.engine] DEBUG: Crawled (200) <GET https://www.bbc.com/news/health-30414699> (referer: https://www.bbc.com/news/health-25055444)
2019-06-06 02:18:37 [scrapy.core.engine] DEBUG: Crawled (200) <GET https://www.bbc.com/news/health-30415390> (referer: https://www.bbc.com/news/health-25055444)
2019-06-06 02:18:37 [scrapy.core.engine] DEBUG: Crawled (200) <GET https://www.bbc.com/news/health-18608969> (referer: https://www.bbc.com/news/health-20898401)
2019-06-06 02:18:37 [scrapy.downloadermiddlewares.robotstxt] DEBUG: Forbidden by robots.txt: <GET https://account.bbc.com/account?ptrt=https://www.bbc.com/news/health-22209634>
2019-06-06 02:18:37 [scrapy.downloadermiddlewares.robotstxt] DEBUG: Forbidden by robots.txt: <GET https://account.bbc.com/account?ptrt=https://www.bbc.com/news/health-22206878>
2019-06-06 02:18:37 [scrapy.downloadermiddlewares.robotstxt] DEBUG: Forbidden by robots.txt: <GET https://account.bbc.com/account?ptrt=https://www.bbc.com/news/health-17436928>
2019-06-06 02:18:37 [scrapy.core.engine] DEBUG: Crawled (200) <GET https://www.bbc.com/news/health-20254108> (referer: https://www.bbc.com/news/health-20898401)
2019-06-06 02:18:37 [scrapy.core.engine] DEBUG: Crawled (200) <GET https://www.bbc.com/news/health-20427439> (referer: https://www.bbc.com/news/health-20898401)
2019-06-06 02:18:37 [scrapy.downloadermiddlewares.robotstxt] DEBUG: Forbidden by robots.txt: <GET https://account.bbc.com/account?ptrt=https://www.bbc.com/news/health-21244190>
2019-06-06 02:18:37 [scrapy.core.engine] DEBUG: Crawled (200) <GET https://www.bbc.com/news/health-20442760> (referer: https://www.bbc.com/news/health-20898401)
2019-06-06 02:18:37 [scrapy.core.engine] DEBUG: Crawled (200) <GET https://www.bbc.com/news/health-20427441/comments> (referer: https://www.bbc.com/news/health-20427441)
2019-06-06 02:18:37 [scrapy.core.engine] DEBUG: Crawled (200) <GET https://www.bbc.com/news/health-18143085> (referer: https://www.bbc.com/news/health-25845106)
2019-06-06 02:18:37 [scrapy.downloadermiddlewares.robotstxt] DEBUG: Forbidden by robots.txt: <GET https://account.bbc.com/account?ptrt=https://www.bbc.com/news/health-21603235>
2019-06-06 02:18:37 [scrapy.downloadermiddlewares.robotstxt] DEBUG: Forbidden by robots.txt: <GET https://account.bbc.com/account?ptrt=https://www.bbc.com/news/health-24142611>
2019-06-06 02:18:37 [scrapy.downloadermiddlewares.robotstxt] DEBUG: Forbidden by robots.txt: <GET https://account.bbc.com/account?ptrt=https://www.bbc.com/news/health-22370621>
2019-06-06 02:18:37 [scrapy.core.engine] DEBUG: Crawled (200) <GET https://www.bbc.com/news/health-18495981> (referer: https://www.bbc.com/news/health-25845106)
2019-06-06 02:18:37 [scrapy.core.engine] DEBUG: Crawled (200) <GET https://www.bbc.com/news/health-11463625> (referer: https://www.bbc.com/news/health-11802648)
2019-06-06 02:18:37 [scrapy.core.engine] DEBUG: Crawled (200) <GET https://www.bbc.com/news/health-25232811> (referer: https://www.bbc.com/news/health-25845106)
2019-06-06 02:18:37 [scrapy.downloadermiddlewares.robotstxt] DEBUG: Forbidden by robots.txt: <GET https://account.bbc.com/account?ptrt=https://www.bbc.com/news/health-18608969>
2019-06-06 02:18:37 [scrapy.downloadermiddlewares.robotstxt] DEBUG: Forbidden by robots.txt: <GET https://account.bbc.com/account?ptrt=https://www.bbc.com/news/health-30415390>
2019-06-06 02:18:37 [scrapy.downloadermiddlewares.robotstxt] DEBUG: Forbidden by robots.txt: <GET https://account.bbc.com/account?ptrt=https://www.bbc.com/news/health-30414699>
2019-06-06 02:18:37 [scrapy.downloadermiddlewares.robotstxt] DEBUG: Forbidden by robots.txt: <GET https://account.bbc.com/account?ptrt=https://www.bbc.com/news/health-30414705>
2019-06-06 02:18:37 [scrapy.downloadermiddlewares.robotstxt] DEBUG: Forbidden by robots.txt: <GET https://account.bbc.com/account?ptrt=https://www.bbc.com/news/health-30038808>
2019-06-06 02:18:37 [scrapy.core.engine] DEBUG: Crawled (200) <GET https://www.bbc.com/news/health-21936926> (referer: https://www.bbc.com/news/health-22209634)
2019-06-06 02:18:37 [scrapy.core.engine] DEBUG: Crawled (200) <GET https://www.bbc.com/news/health-22097929> (referer: https://www.bbc.com/news/health-22209634)
2019-06-06 02:18:37 [scrapy.core.engine] DEBUG: Crawled (200) <GET https://www.bbc.com/news/health-22245624> (referer: https://www.bbc.com/news/health-22209634)
2019-06-06 02:18:38 [scrapy.downloadermiddlewares.robotstxt] DEBUG: Forbidden by robots.txt: <GET https://account.bbc.com/account?ptrt=https://www.bbc.com/news/health-30417392>
2019-06-06 02:18:38 [scrapy.downloadermiddlewares.robotstxt] DEBUG: Forbidden by robots.txt: <GET https://account.bbc.com/account?ptrt=https://www.bbc.com/news/health-22350814>
2019-06-06 02:18:38 [scrapy.core.engine] DEBUG: Crawled (200) <GET https://www.bbc.com/news/health-17195676> (referer: https://www.bbc.com/news/health-17436928)
2019-06-06 02:18:38 [scrapy.core.engine] DEBUG: Crawled (200) <GET https://www.bbc.com/news/health-17195679> (referer: https://www.bbc.com/news/health-17436928)
2019-06-06 02:18:38 [scrapy.core.engine] DEBUG: Crawled (200) <GET https://www.bbc.com/news/health-21593335> (referer: https://www.bbc.com/news/health-21654536)
2019-06-06 02:18:38 [scrapy.downloadermiddlewares.robotstxt] DEBUG: Forbidden by robots.txt: <GET https://account.bbc.com/account?ptrt=https://www.bbc.com/news/health-18143085>
2019-06-06 02:18:38 [scrapy.downloadermiddlewares.robotstxt] DEBUG: Forbidden by robots.txt: <GET https://account.bbc.com/account?ptrt=https://www.bbc.com/news/health-20442760>
2019-06-06 02:18:38 [scrapy.downloadermiddlewares.robotstxt] DEBUG: Forbidden by robots.txt: <GET https://account.bbc.com/account?ptrt=https://www.bbc.com/news/health-20427439>
2019-06-06 02:18:38 [scrapy.downloadermiddlewares.robotstxt] DEBUG: Forbidden by robots.txt: <GET https://account.bbc.com/account?ptrt=https://www.bbc.com/news/health-20254108>
2019-06-06 02:18:38 [scrapy.downloadermiddlewares.robotstxt] DEBUG: Forbidden by robots.txt: <GET https://account.bbc.com/account?ptrt=https://www.bbc.com/news/health-21963297>
2019-06-06 02:18:38 [scrapy.core.engine] DEBUG: Crawled (200) <GET https://www.bbc.com/news/health-20179560> (referer: https://www.bbc.com/news/health-21603235)
2019-06-06 02:18:38 [scrapy.core.engine] DEBUG: Crawled (200) <GET https://www.bbc.com/news/health-20795977> (referer: https://www.bbc.com/news/health-21603235)
2019-06-06 02:18:38 [scrapy.core.engine] DEBUG: Crawled (200) <GET https://www.bbc.com/news/health-23354787> (referer: https://www.bbc.com/news/health-22370621)
2019-06-06 02:18:38 [scrapy.core.engine] DEBUG: Crawled (200) <GET https://www.bbc.com/news/health-19634093> (referer: https://www.bbc.com/news/health-20898401)
2019-06-06 02:18:38 [scrapy.downloadermiddlewares.robotstxt] DEBUG: Forbidden by robots.txt: <GET https://account.bbc.com/account?ptrt=https://www.bbc.com/news/health-21654536>
2019-06-06 02:18:38 [scrapy.downloadermiddlewares.robotstxt] DEBUG: Forbidden by robots.txt: <GET https://account.bbc.com/account?ptrt=https://www.bbc.com/news/health-17604351>
2019-06-06 02:18:38 [scrapy.core.engine] DEBUG: Crawled (200) <GET https://www.bbc.com/news/health-21922711> (referer: https://www.bbc.com/news/health-22350814)
2019-06-06 02:18:38 [scrapy.core.engine] DEBUG: Crawled (200) <GET https://www.bbc.com/news/health-15444879> (referer: https://www.bbc.com/news/health-17740690)
2019-06-06 02:18:38 [scrapy.core.engine] DEBUG: Crawled (200) <GET https://www.bbc.com/news/health-22380388> (referer: https://www.bbc.com/news/health-22350814)
2019-06-06 02:18:38 [scrapy.core.engine] DEBUG: Crawled (200) <GET https://www.bbc.com/news/health-17553901> (referer: https://www.bbc.com/news/health-18608969)
2019-06-06 02:18:38 [scrapy.downloadermiddlewares.robotstxt] DEBUG: Forbidden by robots.txt: <GET https://account.bbc.com/account?ptrt=https://www.bbc.com/news/health-22245624>
2019-06-06 02:18:38 [scrapy.downloadermiddlewares.robotstxt] DEBUG: Forbidden by robots.txt: <GET https://account.bbc.com/account?ptrt=https://www.bbc.com/news/health-22097929>
2019-06-06 02:18:38 [scrapy.downloadermiddlewares.robotstxt] DEBUG: Forbidden by robots.txt: <GET https://account.bbc.com/account?ptrt=https://www.bbc.com/news/health-21936926>
2019-06-06 02:18:38 [scrapy.downloadermiddlewares.robotstxt] DEBUG: Forbidden by robots.txt: <GET https://account.bbc.com/account?ptrt=https://www.bbc.com/news/health-25232811>
2019-06-06 02:18:38 [scrapy.downloadermiddlewares.robotstxt] DEBUG: Forbidden by robots.txt: <GET https://account.bbc.com/account?ptrt=https://www.bbc.com/news/health-11463625>
2019-06-06 02:18:38 [scrapy.downloadermiddlewares.robotstxt] DEBUG: Forbidden by robots.txt: <GET https://account.bbc.com/account?ptrt=https://www.bbc.com/news/health-18495981>
2019-06-06 02:18:38 [scrapy.downloadermiddlewares.robotstxt] DEBUG: Forbidden by robots.txt: <GET https://account.bbc.com/account?ptrt=https://www.bbc.com/news/health-25845106>
2019-06-06 02:18:38 [scrapy.downloadermiddlewares.robotstxt] DEBUG: Forbidden by robots.txt: <GET https://account.bbc.com/account?ptrt=https://www.bbc.com/news/health-22600011>
2019-06-06 02:18:38 [scrapy.core.engine] DEBUG: Crawled (200) <GET https://www.bbc.com/news/health-18608969/comments> (referer: https://www.bbc.com/news/health-18608969)
2019-06-06 02:18:38 [scrapy.core.engine] DEBUG: Crawled (200) <GET https://www.bbc.com/news/health-24947467> (referer: https://www.bbc.com/news/health-30417392)
2019-06-06 02:18:38 [scrapy.core.engine] DEBUG: Crawled (200) <GET https://www.bbc.com/news/health-26790545> (referer: https://www.bbc.com/news/health-30417392)
2019-06-06 02:18:38 [scrapy.core.engine] DEBUG: Crawled (200) <GET https://www.bbc.com/news/health-18450428> (referer: https://www.bbc.com/news/health-21963297)
2019-06-06 02:18:38 [scrapy.downloadermiddlewares.robotstxt] DEBUG: Forbidden by robots.txt: <GET https://account.bbc.com/account?ptrt=https://www.bbc.com/news/health-22629703>
2019-06-06 02:18:38 [scrapy.core.engine] DEBUG: Crawled (200) <GET https://www.bbc.com/news/health-21963297/comments> (referer: https://www.bbc.com/news/health-21963297)
2019-06-06 02:18:38 [scrapy.core.engine] DEBUG: Crawled (200) <GET https://www.bbc.com/news/health-21667065> (referer: https://www.bbc.com/news/health-21654536)
2019-06-06 02:18:38 [scrapy.core.engine] DEBUG: Crawled (200) <GET https://www.bbc.com/news/health-21654536/comments> (referer: https://www.bbc.com/news/health-21654536)
2019-06-06 02:18:38 [scrapy.core.engine] DEBUG: Crawled (200) <GET https://www.bbc.com/news/health-19410699> (referer: https://www.bbc.com/news/health-21654536)
2019-06-06 02:18:39 [scrapy.downloadermiddlewares.robotstxt] DEBUG: Forbidden by robots.txt: <GET https://account.bbc.com/account?ptrt=https://www.bbc.com/news/health-19634093>
2019-06-06 02:18:39 [scrapy.downloadermiddlewares.robotstxt] DEBUG: Forbidden by robots.txt: <GET https://account.bbc.com/account?ptrt=https://www.bbc.com/news/health-23354787>
2019-06-06 02:18:39 [scrapy.downloadermiddlewares.robotstxt] DEBUG: Forbidden by robots.txt: <GET https://account.bbc.com/account?ptrt=https://www.bbc.com/news/health-20795977>
2019-06-06 02:18:39 [scrapy.downloadermiddlewares.robotstxt] DEBUG: Forbidden by robots.txt: <GET https://account.bbc.com/account?ptrt=https://www.bbc.com/news/health-20179560>
2019-06-06 02:18:39 [scrapy.downloadermiddlewares.robotstxt] DEBUG: Forbidden by robots.txt: <GET https://account.bbc.com/account?ptrt=https://www.bbc.com/news/health-21593335>
2019-06-06 02:18:39 [scrapy.downloadermiddlewares.robotstxt] DEBUG: Forbidden by robots.txt: <GET https://account.bbc.com/account?ptrt=https://www.bbc.com/news/health-17195679>
2019-06-06 02:18:39 [scrapy.downloadermiddlewares.robotstxt] DEBUG: Forbidden by robots.txt: <GET https://account.bbc.com/account?ptrt=https://www.bbc.com/news/health-17195676>
2019-06-06 02:18:39 [scrapy.core.engine] DEBUG: Crawled (200) <GET https://www.bbc.com/news/health-17604351/comments> (referer: https://www.bbc.com/news/health-17604351)
2019-06-06 02:18:39 [scrapy.downloadermiddlewares.robotstxt] DEBUG: Forbidden by robots.txt: <GET https://account.bbc.com/account?ptrt=https://www.bbc.com/news/health-19410699>
2019-06-06 02:18:39 [scrapy.core.engine] DEBUG: Crawled (200) <GET https://www.bbc.com/news/health-18176017> (referer: https://www.bbc.com/news/health-18495981)
2019-06-06 02:18:39 [scrapy.core.engine] DEBUG: Crawled (200) <GET https://www.bbc.com/news/health-17458408> (referer: https://www.bbc.com/news/health-17604351)
2019-06-06 02:18:39 [scrapy.core.engine] DEBUG: Crawled (200) <GET https://www.bbc.com/news/health-18351730> (referer: https://www.bbc.com/news/health-18495981)
2019-06-06 02:18:39 [scrapy.core.engine] DEBUG: Crawled (200) <GET https://www.bbc.com/news/health-21444444> (referer: https://www.bbc.com/news/health-22629703)
2019-06-06 02:18:39 [scrapy.core.engine] DEBUG: Crawled (200) <GET https://www.bbc.com/news/health-22269688> (referer: https://www.bbc.com/news/health-22629703)
2019-06-06 02:18:39 [scrapy.core.engine] DEBUG: Crawled (200) <GET https://www.bbc.com/news/health-25219008> (referer: https://www.bbc.com/news/health-25845106)
2019-06-06 02:18:39 [scrapy.core.engine] DEBUG: Crawled (200) <GET https://www.bbc.com/news/health-25185356> (referer: https://www.bbc.com/news/health-25845106)
2019-06-06 02:18:39 [scrapy.downloadermiddlewares.robotstxt] DEBUG: Forbidden by robots.txt: <GET https://account.bbc.com/account?ptrt=https://www.bbc.com/news/health-21667065>
2019-06-06 02:18:39 [scrapy.downloadermiddlewares.robotstxt] DEBUG: Forbidden by robots.txt: <GET https://account.bbc.com/account?ptrt=https://www.bbc.com/news/health-18450428>
2019-06-06 02:18:39 [scrapy.downloadermiddlewares.robotstxt] DEBUG: Forbidden by robots.txt: <GET https://account.bbc.com/account?ptrt=https://www.bbc.com/news/health-26790545>
2019-06-06 02:18:39 [scrapy.downloadermiddlewares.robotstxt] DEBUG: Forbidden by robots.txt: <GET https://account.bbc.com/account?ptrt=https://www.bbc.com/news/health-24947467>
2019-06-06 02:18:39 [scrapy.downloadermiddlewares.robotstxt] DEBUG: Forbidden by robots.txt: <GET https://account.bbc.com/account?ptrt=https://www.bbc.com/news/health-17553901>
2019-06-06 02:18:39 [scrapy.downloadermiddlewares.robotstxt] DEBUG: Forbidden by robots.txt: <GET https://account.bbc.com/account?ptrt=https://www.bbc.com/news/health-22380388>
2019-06-06 02:18:39 [scrapy.downloadermiddlewares.robotstxt] DEBUG: Forbidden by robots.txt: <GET https://account.bbc.com/account?ptrt=https://www.bbc.com/news/health-15444879>
2019-06-06 02:18:39 [scrapy.downloadermiddlewares.robotstxt] DEBUG: Forbidden by robots.txt: <GET https://account.bbc.com/account?ptrt=https://www.bbc.com/news/health-21922711>
2019-06-06 02:18:39 [scrapy.downloadermiddlewares.robotstxt] DEBUG: Forbidden by robots.txt: <GET https://account.bbc.com/account?ptrt=https://www.bbc.com/news/health-21338067>
2019-06-06 02:18:39 [scrapy.downloadermiddlewares.robotstxt] DEBUG: Forbidden by robots.txt: <GET https://account.bbc.com/account?ptrt=https://www.bbc.com/news/health-11518539>
2019-06-06 02:18:39 [scrapy.downloadermiddlewares.robotstxt] DEBUG: Forbidden by robots.txt: <GET https://account.bbc.com/account?ptrt=https://www.bbc.com/news/health-13279779>
2019-06-06 02:18:39 [scrapy.core.engine] DEBUG: Crawled (200) <GET https://www.bbc.com/news/health-21252393> (referer: https://www.bbc.com/news/health-21338067)
2019-06-06 02:18:39 [scrapy.core.engine] DEBUG: Crawled (200) <GET https://www.bbc.com/news/health-21359579> (referer: https://www.bbc.com/news/health-21338067)
2019-06-06 02:18:39 [scrapy.core.engine] DEBUG: Crawled (200) <GET https://www.bbc.com/news/health-21275826> (referer: https://www.bbc.com/news/health-21338067)
2019-06-06 02:18:39 [scrapy.core.engine] DEBUG: Crawled (200) <GET https://www.bbc.com/news/health-19873166> (referer: https://www.bbc.com/news/health-20179560)
2019-06-06 02:18:39 [scrapy.core.engine] DEBUG: Crawled (200) <GET https://www.bbc.com/news/health-22529561> (referer: https://www.bbc.com/news/health-22629703)
2019-06-06 02:18:39 [scrapy.core.engine] DEBUG: Crawled (200) <GET https://www.bbc.com/news/health-17905601> (referer: https://www.bbc.com/news/health-20179560)
2019-06-06 02:18:39 [scrapy.core.engine] DEBUG: Crawled (200) <GET https://www.bbc.com/news/health-21593335/comments> (referer: https://www.bbc.com/news/health-21593335)
2019-06-06 02:18:39 [scrapy.core.engine] DEBUG: Crawled (200) <GET https://www.bbc.com/news/health-21922998> (referer: https://www.bbc.com/news/health-21338067)
2019-06-06 02:18:40 [scrapy.core.engine] DEBUG: Crawled (200) <GET https://www.bbc.com/news/health-20410378> (referer: https://www.bbc.com/news/health-21667065)
2019-06-06 02:18:40 [scrapy.core.engine] DEBUG: Crawled (200) <GET https://www.bbc.com/news/health-22380388/comments> (referer: https://www.bbc.com/news/health-22380388)
2019-06-06 02:18:40 [scrapy.core.engine] DEBUG: Crawled (200) <GET https://www.bbc.com/news/health-15444879/comments> (referer: https://www.bbc.com/news/health-15444879)
2019-06-06 02:18:40 [scrapy.core.engine] DEBUG: Crawled (200) <GET https://www.bbc.com/news/health-21922711/comments> (referer: https://www.bbc.com/news/health-21922711)
2019-06-06 02:18:40 [scrapy.downloadermiddlewares.robotstxt] DEBUG: Forbidden by robots.txt: <GET https://account.bbc.com/account?ptrt=https://www.bbc.com/news/health-17458408>
2019-06-06 02:18:40 [scrapy.downloadermiddlewares.robotstxt] DEBUG: Forbidden by robots.txt: <GET https://account.bbc.com/account?ptrt=https://www.bbc.com/news/health-18176017>
2019-06-06 02:18:40 [scrapy.downloadermiddlewares.robotstxt] DEBUG: Forbidden by robots.txt: <GET https://account.bbc.com/account?ptrt=https://www.bbc.com/news/health-25185356>
2019-06-06 02:18:40 [scrapy.downloadermiddlewares.robotstxt] DEBUG: Forbidden by robots.txt: <GET https://account.bbc.com/account?ptrt=https://www.bbc.com/news/health-25219008>
2019-06-06 02:18:40 [scrapy.downloadermiddlewares.robotstxt] DEBUG: Forbidden by robots.txt: <GET https://account.bbc.com/account?ptrt=https://www.bbc.com/news/health-22269688>
2019-06-06 02:18:40 [scrapy.downloadermiddlewares.robotstxt] DEBUG: Forbidden by robots.txt: <GET https://account.bbc.com/account?ptrt=https://www.bbc.com/news/health-21444444>
2019-06-06 02:18:40 [scrapy.downloadermiddlewares.robotstxt] DEBUG: Forbidden by robots.txt: <GET https://account.bbc.com/account?ptrt=https://www.bbc.com/news/health-18351730>
2019-06-06 02:18:40 [scrapy.downloadermiddlewares.robotstxt] DEBUG: Forbidden by robots.txt: <GET https://account.bbc.com/account?ptrt=https://www.bbc.com/news/health-17905601>
2019-06-06 02:18:40 [scrapy.downloadermiddlewares.robotstxt] DEBUG: Forbidden by robots.txt: <GET https://account.bbc.com/account?ptrt=https://www.bbc.com/news/health-22529561>
2019-06-06 02:18:40 [scrapy.downloadermiddlewares.robotstxt] DEBUG: Forbidden by robots.txt: <GET https://account.bbc.com/account?ptrt=https://www.bbc.com/news/health-19873166>
2019-06-06 02:18:40 [scrapy.downloadermiddlewares.robotstxt] DEBUG: Forbidden by robots.txt: <GET https://account.bbc.com/account?ptrt=https://www.bbc.com/news/health-21275826>
2019-06-06 02:18:41 [scrapy.downloadermiddlewares.robotstxt] DEBUG: Forbidden by robots.txt: <GET https://account.bbc.com/account?ptrt=https://www.bbc.com/news/health-21359579>
2019-06-06 02:18:41 [scrapy.downloadermiddlewares.robotstxt] DEBUG: Forbidden by robots.txt: <GET https://account.bbc.com/account?ptrt=https://www.bbc.com/news/health-21252393>
2019-06-06 02:18:41 [scrapy.core.engine] DEBUG: Crawled (200) <GET https://www.bbc.com/news/health-21251645> (referer: https://www.bbc.com/news/health-21444444)
2019-06-06 02:18:41 [scrapy.core.engine] DEBUG: Crawled (200) <GET https://www.bbc.com/news/health-21444444/comments> (referer: https://www.bbc.com/news/health-21444444)
2019-06-06 02:18:41 [scrapy.core.engine] DEBUG: Crawled (200) <GET https://www.bbc.com/news/health-25219008/comments> (referer: https://www.bbc.com/news/health-25219008)
2019-06-06 02:18:41 [scrapy.core.engine] DEBUG: Crawled (200) <GET https://www.bbc.com/news/health-22252425> (referer: https://www.bbc.com/news/health-22269688)
2019-06-06 02:18:41 [scrapy.core.engine] DEBUG: Crawled (200) <GET https://www.bbc.com/news/health-22262357> (referer: https://www.bbc.com/news/health-22269688)
2019-06-06 02:18:41 [scrapy.core.engine] DEBUG: Crawled (200) <GET https://www.bbc.com/news/health-20624889> (referer: https://www.bbc.com/news/health-21444444)
2019-06-06 02:18:41 [scrapy.downloadermiddlewares.robotstxt] DEBUG: Forbidden by robots.txt: <GET https://account.bbc.com/account?ptrt=https://www.bbc.com/news/health-20410378>
2019-06-06 02:18:41 [scrapy.downloadermiddlewares.robotstxt] DEBUG: Forbidden by robots.txt: <GET https://account.bbc.com/account?ptrt=https://www.bbc.com/news/health-21922998>
2019-06-06 02:18:41 [scrapy.core.engine] DEBUG: Crawled (200) <GET https://www.bbc.com/news/health-22460741> (referer: https://www.bbc.com/news/health-22529561)
2019-06-06 02:18:41 [scrapy.core.engine] DEBUG: Crawled (200) <GET https://www.bbc.com/news/health-21359579/comments> (referer: https://www.bbc.com/news/health-21359579)
2019-06-06 02:18:41 [scrapy.core.engine] DEBUG: Crawled (200) <GET https://www.bbc.com/news/health-19509434> (referer: https://www.bbc.com/news/health-20410378)
2019-06-06 02:18:41 [scrapy.core.engine] DEBUG: Crawled (200) <GET https://www.bbc.com/news/health-20410378/comments> (referer: https://www.bbc.com/news/health-20410378)
2019-06-06 02:18:41 [scrapy.core.engine] DEBUG: Crawled (200) <GET https://www.bbc.com/news/health-20924654> (referer: https://www.bbc.com/news/health-21252393)
2019-06-06 02:18:41 [scrapy.core.engine] DEBUG: Crawled (200) <GET https://www.bbc.com/news/health-12214439> (referer: https://www.bbc.com/news/health-20410378)
2019-06-06 02:18:41 [scrapy.core.engine] DEBUG: Crawled (200) <GET https://www.bbc.com/news/health-17476360> (referer: https://www.bbc.com/news/health-20410378)
2019-06-06 02:18:41 [scrapy.downloadermiddlewares.robotstxt] DEBUG: Forbidden by robots.txt: <GET https://account.bbc.com/account?ptrt=https://www.bbc.com/news/health-21251645>
2019-06-06 02:18:41 [scrapy.downloadermiddlewares.robotstxt] DEBUG: Forbidden by robots.txt: <GET https://account.bbc.com/account?ptrt=https://www.bbc.com/news/health-20624889>
2019-06-06 02:18:41 [scrapy.downloadermiddlewares.robotstxt] DEBUG: Forbidden by robots.txt: <GET https://account.bbc.com/account?ptrt=https://www.bbc.com/news/health-22262357>
2019-06-06 02:18:41 [scrapy.downloadermiddlewares.robotstxt] DEBUG: Forbidden by robots.txt: <GET https://account.bbc.com/account?ptrt=https://www.bbc.com/news/health-22252425>
2019-06-06 02:18:41 [scrapy.downloadermiddlewares.robotstxt] DEBUG: Forbidden by robots.txt: <GET https://account.bbc.com/account?ptrt=https://www.bbc.com/news/health-17476360>
2019-06-06 02:18:41 [scrapy.downloadermiddlewares.robotstxt] DEBUG: Forbidden by robots.txt: <GET https://account.bbc.com/account?ptrt=https://www.bbc.com/news/health-12214439>
2019-06-06 02:18:41 [scrapy.downloadermiddlewares.robotstxt] DEBUG: Forbidden by robots.txt: <GET https://account.bbc.com/account?ptrt=https://www.bbc.com/news/health-20924654>
2019-06-06 02:18:41 [scrapy.downloadermiddlewares.robotstxt] DEBUG: Forbidden by robots.txt: <GET https://account.bbc.com/account?ptrt=https://www.bbc.com/news/health-19509434>
2019-06-06 02:18:41 [scrapy.downloadermiddlewares.robotstxt] DEBUG: Forbidden by robots.txt: <GET https://account.bbc.com/account?ptrt=https://www.bbc.com/news/health-22460741>
2019-06-06 02:18:41 [scrapy.core.engine] DEBUG: Crawled (200) <GET https://www.bbc.com/news/health-21444058> (referer: https://www.bbc.com/news/health-22252425)
2019-06-06 02:18:41 [scrapy.core.engine] DEBUG: Crawled (200) <GET https://www.bbc.com/news/health-21483103> (referer: https://www.bbc.com/news/health-22252425)
2019-06-06 02:18:41 [scrapy.core.engine] DEBUG: Crawled (200) <GET https://www.bbc.com/news/health-21458578> (referer: https://www.bbc.com/news/health-22252425)
2019-06-06 02:18:41 [scrapy.core.engine] DEBUG: Crawled (200) <GET https://www.bbc.com/news/health-22460741/comments> (referer: https://www.bbc.com/news/health-22460741)
2019-06-06 02:18:41 [scrapy.core.engine] DEBUG: Crawled (200) <GET https://www.bbc.com/news/health-19509434/comments> (referer: https://www.bbc.com/news/health-19509434)
2019-06-06 02:18:42 [scrapy.downloadermiddlewares.robotstxt] DEBUG: Forbidden by robots.txt: <GET https://account.bbc.com/account?ptrt=https://www.bbc.com/news/health-21444058>
2019-06-06 02:18:42 [scrapy.downloadermiddlewares.robotstxt] DEBUG: Forbidden by robots.txt: <GET https://account.bbc.com/account?ptrt=https://www.bbc.com/news/health-21458578>
2019-06-06 02:18:42 [scrapy.downloadermiddlewares.robotstxt] DEBUG: Forbidden by robots.txt: <GET https://account.bbc.com/account?ptrt=https://www.bbc.com/news/health-21483103>
2019-06-06 02:18:42 [scrapy.core.engine] DEBUG: Crawled (200) <GET https://www.bbc.com/news/health-21471159> (referer: https://www.bbc.com/news/health-21483103)
2019-06-06 02:18:42 [scrapy.core.engine] DEBUG: Crawled (200) <GET https://www.bbc.com/news/health-21458578/comments> (referer: https://www.bbc.com/news/health-21458578)
2019-06-06 02:18:42 [scrapy.downloadermiddlewares.robotstxt] DEBUG: Forbidden by robots.txt: <GET https://account.bbc.com/account?ptrt=https://www.bbc.com/news/health-21471159>
2019-06-06 02:18:42 [scrapy.core.engine] DEBUG: Crawled (200) <GET https://www.bbc.com/news/health-22262357/comments> (referer: https://www.bbc.com/news/health-22262357)
2019-06-06 02:18:42 [scrapy.core.engine] INFO: Closing spider (finished)
2019-06-06 02:18:42 [scrapy.statscollectors] INFO: Dumping Scrapy stats:
{'downloader/exception_count': 257,
 'downloader/exception_type_count/scrapy.exceptions.IgnoreRequest': 257,
 'downloader/request_bytes': 84770,
 'downloader/request_count': 300,
 'downloader/request_method_count/GET': 300,
 'downloader/response_bytes': 11196184,
 'downloader/response_count': 300,
 'downloader/response_status_count/200': 298,
 'downloader/response_status_count/301': 2,
 'dupefilter/filtered': 2043,
 'finish_reason': 'finished',
 'finish_time': datetime.datetime(2019, 6, 5, 16, 18, 42, 906357),
 'log_count/DEBUG': 558,
 'log_count/INFO': 9,
 'memusage/max': 57221120,
 'memusage/startup': 57217024,
 'request_depth_max': 17,
 'response_received_count': 298,
 'robotstxt/forbidden': 257,
 'robotstxt/request_count': 2,
 'robotstxt/response_count': 2,
 'robotstxt/response_status_count/200': 2,
 'scheduler/dequeued': 555,
 'scheduler/dequeued/memory': 555,
 'scheduler/enqueued': 555,
 'scheduler/enqueued/memory': 555,
 'start_time': datetime.datetime(2019, 6, 5, 16, 18, 22, 302650)}
2019-06-06 02:18:42 [scrapy.core.engine] INFO: Spider closed (finished)
