2019-06-06 11:42:57 [scrapy.utils.log] INFO: Scrapy 1.6.0 started (bot: news_crawler)
2019-06-06 11:42:57 [scrapy.utils.log] INFO: Versions: lxml 4.3.3.0, libxml2 2.9.9, cssselect 1.0.3, parsel 1.5.1, w3lib 1.20.0, Twisted 19.2.0, Python 3.7.2 (default, Jan 13 2019, 12:50:15) - [Clang 10.0.0 (clang-1000.11.45.5)], pyOpenSSL 19.0.0 (OpenSSL 1.1.1c  28 May 2019), cryptography 2.7, Platform Darwin-17.4.0-x86_64-i386-64bit
2019-06-06 11:42:57 [scrapy.crawler] INFO: Overridden settings: {'BOT_NAME': 'news_crawler', 'LOG_FILE': 'Log/news_crawer_log_20190606114257.log', 'NEWSPIDER_MODULE': 'news_crawler.spiders', 'ROBOTSTXT_OBEY': True, 'SPIDER_MODULES': ['news_crawler.spiders']}
2019-06-06 11:42:57 [scrapy.extensions.telnet] INFO: Telnet Password: 3da7fa1de8408bcb
2019-06-06 11:42:57 [scrapy.middleware] INFO: Enabled extensions:
['scrapy.extensions.corestats.CoreStats',
 'scrapy.extensions.telnet.TelnetConsole',
 'scrapy.extensions.memusage.MemoryUsage',
 'scrapy.extensions.logstats.LogStats']
2019-06-06 11:42:57 [scrapy.middleware] INFO: Enabled downloader middlewares:
['scrapy.downloadermiddlewares.robotstxt.RobotsTxtMiddleware',
 'scrapy.downloadermiddlewares.httpauth.HttpAuthMiddleware',
 'scrapy.downloadermiddlewares.downloadtimeout.DownloadTimeoutMiddleware',
 'scrapy.downloadermiddlewares.defaultheaders.DefaultHeadersMiddleware',
 'scrapy.downloadermiddlewares.useragent.UserAgentMiddleware',
 'scrapy.downloadermiddlewares.retry.RetryMiddleware',
 'scrapy.downloadermiddlewares.redirect.MetaRefreshMiddleware',
 'scrapy.downloadermiddlewares.httpcompression.HttpCompressionMiddleware',
 'scrapy.downloadermiddlewares.redirect.RedirectMiddleware',
 'scrapy.downloadermiddlewares.cookies.CookiesMiddleware',
 'scrapy.downloadermiddlewares.httpproxy.HttpProxyMiddleware',
 'scrapy.downloadermiddlewares.stats.DownloaderStats']
2019-06-06 11:42:57 [scrapy.middleware] INFO: Enabled spider middlewares:
['scrapy.spidermiddlewares.httperror.HttpErrorMiddleware',
 'scrapy.spidermiddlewares.offsite.OffsiteMiddleware',
 'scrapy.spidermiddlewares.referer.RefererMiddleware',
 'scrapy.spidermiddlewares.urllength.UrlLengthMiddleware',
 'scrapy.spidermiddlewares.depth.DepthMiddleware']
2019-06-06 11:42:58 [twisted] CRITICAL: Unhandled error in Deferred:
2019-06-06 11:42:58 [twisted] CRITICAL: 
Traceback (most recent call last):
  File "/Users/agraj/KANIKA/generic_news_crawler/venv/lib/python3.7/site-packages/twisted/internet/defer.py", line 1418, in _inlineCallbacks
    result = g.send(result)
  File "/Users/agraj/KANIKA/generic_news_crawler/venv/lib/python3.7/site-packages/scrapy/crawler.py", line 80, in crawl
    self.engine = self._create_engine()
  File "/Users/agraj/KANIKA/generic_news_crawler/venv/lib/python3.7/site-packages/scrapy/crawler.py", line 105, in _create_engine
    return ExecutionEngine(self, lambda _: self.stop())
  File "/Users/agraj/KANIKA/generic_news_crawler/venv/lib/python3.7/site-packages/scrapy/core/engine.py", line 70, in __init__
    self.scraper = Scraper(crawler)
  File "/Users/agraj/KANIKA/generic_news_crawler/venv/lib/python3.7/site-packages/scrapy/core/scraper.py", line 71, in __init__
    self.itemproc = itemproc_cls.from_crawler(crawler)
  File "/Users/agraj/KANIKA/generic_news_crawler/venv/lib/python3.7/site-packages/scrapy/middleware.py", line 53, in from_crawler
    return cls.from_settings(crawler.settings, crawler)
  File "/Users/agraj/KANIKA/generic_news_crawler/venv/lib/python3.7/site-packages/scrapy/middleware.py", line 35, in from_settings
    mw = create_instance(mwcls, settings, crawler)
  File "/Users/agraj/KANIKA/generic_news_crawler/venv/lib/python3.7/site-packages/scrapy/utils/misc.py", line 140, in create_instance
    return objcls.from_crawler(crawler, *args, **kwargs)
  File "/Users/agraj/KANIKA/generic_news_crawler/news_crawler/news_crawler/pipelines.py", line 106, in from_crawler
    mongo_collection= crawler.settings.get('MONGO_COLLECTION')
TypeError: __init__() got an unexpected keyword argument 'mongo_collection'
