2019-06-06 01:50:32 [scrapy.utils.log] INFO: Scrapy 1.6.0 started (bot: news_crawler)
2019-06-06 01:50:32 [scrapy.utils.log] INFO: Versions: lxml 4.3.3.0, libxml2 2.9.9, cssselect 1.0.3, parsel 1.5.1, w3lib 1.20.0, Twisted 19.2.0, Python 3.7.2 (default, Jan 13 2019, 12:50:15) - [Clang 10.0.0 (clang-1000.11.45.5)], pyOpenSSL 19.0.0 (OpenSSL 1.1.1c  28 May 2019), cryptography 2.7, Platform Darwin-17.4.0-x86_64-i386-64bit
2019-06-06 01:50:32 [scrapy.crawler] INFO: Overridden settings: {'BOT_NAME': 'news_crawler', 'LOG_FILE': 'Log/news_crawer_log_20190606015032.log', 'NEWSPIDER_MODULE': 'news_crawler.spiders', 'ROBOTSTXT_OBEY': True, 'SPIDER_MODULES': ['news_crawler.spiders']}
2019-06-06 01:50:32 [scrapy.extensions.telnet] INFO: Telnet Password: 31512cefd71a705a
2019-06-06 01:50:32 [scrapy.middleware] INFO: Enabled extensions:
['scrapy.extensions.corestats.CoreStats',
 'scrapy.extensions.telnet.TelnetConsole',
 'scrapy.extensions.memusage.MemoryUsage',
 'scrapy.extensions.logstats.LogStats']
2019-06-06 01:50:32 [twisted] CRITICAL: Unhandled error in Deferred:
2019-06-06 01:50:32 [twisted] CRITICAL: 
Traceback (most recent call last):
  File "/Users/agraj/KANIKA/generic_news_crawler/venv/lib/python3.7/site-packages/twisted/internet/defer.py", line 1418, in _inlineCallbacks
    result = g.send(result)
  File "/Users/agraj/KANIKA/generic_news_crawler/venv/lib/python3.7/site-packages/scrapy/crawler.py", line 79, in crawl
    self.spider = self._create_spider(*args, **kwargs)
  File "/Users/agraj/KANIKA/generic_news_crawler/venv/lib/python3.7/site-packages/scrapy/crawler.py", line 102, in _create_spider
    return self.spidercls.from_crawler(self, *args, **kwargs)
  File "/Users/agraj/KANIKA/generic_news_crawler/venv/lib/python3.7/site-packages/scrapy/spiders/crawl.py", line 100, in from_crawler
    spider = super(CrawlSpider, cls).from_crawler(crawler, *args, **kwargs)
  File "/Users/agraj/KANIKA/generic_news_crawler/venv/lib/python3.7/site-packages/scrapy/spiders/__init__.py", line 51, in from_crawler
    spider = cls(*args, **kwargs)
  File "/Users/agraj/KANIKA/generic_news_crawler/news_crawler/news_crawler/spiders/crawler.py", line 87, in __init__
    self.ruleFile = json.load(open('bbcRules.json'))
FileNotFoundError: [Errno 2] No such file or directory: 'bbcRules.json'
